{"/home/antoniovargas/projects/laboral/NodoIA/Proyectos/Transit-IA/CodigosFuentes/appv1/components/BreadcrumbSystem.tsx": {"path":"/home/antoniovargas/projects/laboral/NodoIA/Proyectos/Transit-IA/CodigosFuentes/appv1/components/BreadcrumbSystem.tsx","statementMap":{"0":{"start":{"line":57,"column":16},"end":{"line":57,"column":32}},"1":{"start":{"line":179,"column":16},"end":{"line":179,"column":39}},"2":{"start":{"line":214,"column":0},"end":{"line":214,"column":15}},"3":{"start":{"line":3,"column":18},"end":{"line":3,"column":null}},"4":{"start":{"line":19,"column":7},"end":{"line":19,"column":null}},"5":{"start":{"line":20,"column":30},"end":{"line":20,"column":null}},"6":{"start":{"line":21,"column":19},"end":{"line":21,"column":null}},"7":{"start":{"line":24,"column":17},"end":{"line":39,"column":null}},"8":{"start":{"line":64,"column":36},"end":{"line":64,"column":null}},"9":{"start":{"line":67,"column":2},"end":{"line":69,"column":null}},"10":{"start":{"line":68,"column":4},"end":{"line":68,"column":null}},"11":{"start":{"line":72,"column":32},"end":{"line":80,"column":null}},"12":{"start":{"line":74,"column":4},"end":{"line":76,"column":null}},"13":{"start":{"line":75,"column":6},"end":{"line":75,"column":null}},"14":{"start":{"line":79,"column":4},"end":{"line":79,"column":null}},"15":{"start":{"line":83,"column":27},"end":{"line":89,"column":null}},"16":{"start":{"line":84,"column":4},"end":{"line":84,"column":null}},"17":{"start":{"line":84,"column":33},"end":{"line":84,"column":null}},"18":{"start":{"line":85,"column":26},"end":{"line":85,"column":69}},"19":{"start":{"line":86,"column":4},"end":{"line":88,"column":null}},"20":{"start":{"line":93,"column":4},"end":{"line":99,"column":null}},"21":{"start":{"line":112,"column":25},"end":{"line":112,"column":null}},"22":{"start":{"line":113,"column":29},"end":{"line":113,"column":null}},"23":{"start":{"line":114,"column":25},"end":{"line":114,"column":null}},"24":{"start":{"line":116,"column":10},"end":{"line":117,"column":47}},"25":{"start":{"line":130,"column":33},"end":{"line":130,"column":null}},"26":{"start":{"line":180,"column":36},"end":{"line":180,"column":null}},"27":{"start":{"line":182,"column":2},"end":{"line":184,"column":null}},"28":{"start":{"line":183,"column":4},"end":{"line":183,"column":null}},"29":{"start":{"line":186,"column":22},"end":{"line":186,"column":57}},"30":{"start":{"line":188,"column":4},"end":{"line":188,"column":null}},"31":{"start":{"line":198,"column":27},"end":{"line":198,"column":null}},"32":{"start":{"line":214,"column":15},"end":{"line":214,"column":32}}},"fnMap":{"0":{"name":"BreadcrumbSystem","decl":{"start":{"line":57,"column":16},"end":{"line":57,"column":32}},"loc":{"start":{"line":63,"column":24},"end":{"line":174,"column":null}}},"1":{"name":"(anonymous_6)","decl":{"start":{"line":72,"column":32},"end":{"line":72,"column":33}},"loc":{"start":{"line":72,"column":47},"end":{"line":80,"column":null}}},"2":{"name":"(anonymous_7)","decl":{"start":{"line":83,"column":27},"end":{"line":83,"column":28}},"loc":{"start":{"line":83,"column":28},"end":{"line":89,"column":null}}},"3":{"name":"(anonymous_8)","decl":{"start":{"line":111,"column":32},"end":{"line":111,"column":33}},"loc":{"start":{"line":111,"column":40},"end":{"line":170,"column":null}}},"4":{"name":"(anonymous_9)","decl":{"start":{"line":130,"column":27},"end":{"line":130,"column":33}},"loc":{"start":{"line":130,"column":33},"end":{"line":130,"column":null}}},"5":{"name":"CompactBreadcrumbSystem","decl":{"start":{"line":179,"column":16},"end":{"line":179,"column":39}},"loc":{"start":{"line":179,"column":77},"end":{"line":212,"column":null}}},"6":{"name":"(anonymous_11)","decl":{"start":{"line":198,"column":21},"end":{"line":198,"column":27}},"loc":{"start":{"line":198,"column":27},"end":{"line":198,"column":null}}}},"branchMap":{"0":{"loc":{"start":{"line":59,"column":2},"end":{"line":59,"column":21}},"type":"default-arg","locations":[{"start":{"line":59,"column":17},"end":{"line":59,"column":21}}]},"1":{"loc":{"start":{"line":60,"column":2},"end":{"line":60,"column":18}},"type":"default-arg","locations":[{"start":{"line":60,"column":14},"end":{"line":60,"column":18}}]},"2":{"loc":{"start":{"line":61,"column":2},"end":{"line":61,"column":14}},"type":"default-arg","locations":[{"start":{"line":61,"column":13},"end":{"line":61,"column":14}}]},"3":{"loc":{"start":{"line":67,"column":2},"end":{"line":69,"column":null}},"type":"if","locations":[{"start":{"line":67,"column":2},"end":{"line":69,"column":null}},{"start":{},"end":{}}]},"4":{"loc":{"start":{"line":67,"column":6},"end":{"line":67,"column":47}},"type":"binary-expr","locations":[{"start":{"line":67,"column":6},"end":{"line":67,"column":22}},{"start":{"line":67,"column":22},"end":{"line":67,"column":47}}]},"5":{"loc":{"start":{"line":74,"column":4},"end":{"line":76,"column":null}},"type":"if","locations":[{"start":{"line":74,"column":4},"end":{"line":76,"column":null}},{"start":{},"end":{}}]},"6":{"loc":{"start":{"line":84,"column":4},"end":{"line":84,"column":null}},"type":"if","locations":[{"start":{"line":84,"column":4},"end":{"line":84,"column":null}},{"start":{},"end":{}}]},"7":{"loc":{"start":{"line":84,"column":8},"end":{"line":84,"column":33}},"type":"binary-expr","locations":[{"start":{"line":84,"column":8},"end":{"line":84,"column":21}},{"start":{"line":84,"column":21},"end":{"line":84,"column":33}}]},"8":{"loc":{"start":{"line":86,"column":11},"end":{"line":88,"column":null}},"type":"cond-expr","locations":[{"start":{"line":87,"column":6},"end":{"line":88,"column":null}},{"start":{"line":88,"column":8},"end":{"line":88,"column":null}}]},"9":{"loc":{"start":{"line":93,"column":4},"end":{"line":99,"column":null}},"type":"cond-expr","locations":[{"start":{"line":94,"column":8},"end":{"line":98,"column":null}},{"start":{"line":99,"column":8},"end":{"line":99,"column":null}}]},"10":{"loc":{"start":{"line":119,"column":15},"end":{"line":119,"column":null}},"type":"binary-expr","locations":[{"start":{"line":119,"column":15},"end":{"line":119,"column":null}}]},"11":{"loc":{"start":{"line":121,"column":19},"end":{"line":121,"column":32}},"type":"binary-expr","locations":[{"start":{"line":121,"column":19},"end":{"line":121,"column":32}}]},"12":{"loc":{"start":{"line":127,"column":16},"end":{"line":129,"column":17}},"type":"cond-expr","locations":[{"start":{"line":127,"column":16},"end":{"line":129,"column":17}}]},"13":{"loc":{"start":{"line":135,"column":20},"end":{"line":137,"column":null}},"type":"cond-expr","locations":[{"start":{"line":136,"column":24},"end":{"line":136,"column":null}},{"start":{"line":137,"column":24},"end":{"line":137,"column":null}}]},"14":{"loc":{"start":{"line":140,"column":32},"end":{"line":140,"column":null}},"type":"cond-expr","locations":[{"start":{"line":140,"column":41},"end":{"line":140,"column":50}},{"start":{"line":140,"column":50},"end":{"line":140,"column":null}}]},"15":{"loc":{"start":{"line":149,"column":20},"end":{"line":149,"column":30}},"type":"binary-expr","locations":[{"start":{"line":149,"column":20},"end":{"line":149,"column":30}},{"start":{"line":149,"column":30},"end":{"line":149,"column":42}}]},"16":{"loc":{"start":{"line":161,"column":22},"end":{"line":161,"column":41}},"type":"binary-expr","locations":[{"start":{"line":161,"column":22},"end":{"line":161,"column":32}},{"start":{"line":161,"column":32},"end":{"line":161,"column":41}}]},"17":{"loc":{"start":{"line":182,"column":2},"end":{"line":184,"column":null}},"type":"if","locations":[{"start":{"line":182,"column":2},"end":{"line":184,"column":null}},{"start":{},"end":{}}]},"18":{"loc":{"start":{"line":182,"column":6},"end":{"line":182,"column":47}},"type":"binary-expr","locations":[{"start":{"line":182,"column":6},"end":{"line":182,"column":22}},{"start":{"line":182,"column":22},"end":{"line":182,"column":47}}]},"19":{"loc":{"start":{"line":188,"column":4},"end":{"line":188,"column":null}},"type":"cond-expr","locations":[{"start":{"line":188,"column":29},"end":{"line":188,"column":64}},{"start":{"line":188,"column":67},"end":{"line":188,"column":null}}]},"20":{"loc":{"start":{"line":195,"column":7},"end":{"line":195,"column":null}},"type":"binary-expr","locations":[{"start":{"line":195,"column":7},"end":{"line":195,"column":null}}]}},"s":{"0":0,"1":0,"2":0,"3":0,"4":0,"5":0,"6":0,"7":0,"8":0,"9":0,"10":0,"11":0,"12":0,"13":0,"14":0,"15":0,"16":0,"17":0,"18":0,"19":0,"20":0,"21":0,"22":0,"23":0,"24":0,"25":0,"26":0,"27":0,"28":0,"29":0,"30":0,"31":0,"32":0},"f":{"0":0,"1":0,"2":0,"3":0,"4":0,"5":0,"6":0},"b":{"0":[0],"1":[0],"2":[0],"3":[0,0],"4":[0,0],"5":[0,0],"6":[0,0],"7":[0,0],"8":[0,0],"9":[0,0],"10":[0],"11":[0],"12":[0],"13":[0,0],"14":[0,0],"15":[0,0],"16":[0,0],"17":[0,0],"18":[0,0],"19":[0,0],"20":[0]}}
,"/home/antoniovargas/projects/laboral/NodoIA/Proyectos/Transit-IA/CodigosFuentes/appv1/components/ai-assist.jsx": {"path":"/home/antoniovargas/projects/laboral/NodoIA/Proyectos/Transit-IA/CodigosFuentes/appv1/components/ai-assist.jsx","statementMap":{"0":{"start":{"line":16,"column":24},"end":{"line":16,"column":33}},"1":{"start":{"line":2,"column":43},"end":{"line":2,"column":null}},"2":{"start":{"line":3,"column":64},"end":{"line":3,"column":null}},"3":{"start":{"line":17,"column":40},"end":{"line":17,"column":null}},"4":{"start":{"line":18,"column":40},"end":{"line":18,"column":null}},"5":{"start":{"line":20,"column":2},"end":{"line":23,"column":null}},"6":{"start":{"line":21,"column":18},"end":{"line":21,"column":null}},"7":{"start":{"line":22,"column":4},"end":{"line":22,"column":null}},"8":{"start":{"line":25,"column":2},"end":{"line":27,"column":null}},"9":{"start":{"line":26,"column":4},"end":{"line":26,"column":null}},"10":{"start":{"line":29,"column":28},"end":{"line":36,"column":null}},"11":{"start":{"line":30,"column":4},"end":{"line":30,"column":null}},"12":{"start":{"line":30,"column":35},"end":{"line":30,"column":null}},"13":{"start":{"line":31,"column":27},"end":{"line":31,"column":null}},"14":{"start":{"line":32,"column":4},"end":{"line":32,"column":null}},"15":{"start":{"line":32,"column":29},"end":{"line":32,"column":null}},"16":{"start":{"line":33,"column":4},"end":{"line":33,"column":null}},"17":{"start":{"line":34,"column":23},"end":{"line":34,"column":null}},"18":{"start":{"line":35,"column":4},"end":{"line":35,"column":null}},"19":{"start":{"line":35,"column":29},"end":{"line":35,"column":null}},"20":{"start":{"line":42,"column":23},"end":{"line":42,"column":null}},"21":{"start":{"line":53,"column":12},"end":{"line":53,"column":29}},"22":{"start":{"line":71,"column":27},"end":{"line":71,"column":null}},"23":{"start":{"line":73,"column":12},"end":{"line":76,"column":null}},"24":{"start":{"line":74,"column":14},"end":{"line":74,"column":null}},"25":{"start":{"line":75,"column":14},"end":{"line":75,"column":null}}},"fnMap":{"0":{"name":"AiAssist","decl":{"start":{"line":16,"column":24},"end":{"line":16,"column":33}},"loc":{"start":{"line":16,"column":52},"end":{"line":90,"column":null}}},"1":{"name":"(anonymous_6)","decl":{"start":{"line":20,"column":12},"end":{"line":20,"column":null}},"loc":{"start":{"line":20,"column":12},"end":{"line":23,"column":5}}},"2":{"name":"(anonymous_7)","decl":{"start":{"line":25,"column":12},"end":{"line":25,"column":null}},"loc":{"start":{"line":25,"column":12},"end":{"line":27,"column":5}}},"3":{"name":"(anonymous_8)","decl":{"start":{"line":29,"column":28},"end":{"line":29,"column":null}},"loc":{"start":{"line":29,"column":28},"end":{"line":36,"column":null}}},"4":{"name":"(anonymous_9)","decl":{"start":{"line":32,"column":19},"end":{"line":32,"column":20}},"loc":{"start":{"line":32,"column":29},"end":{"line":32,"column":null}}},"5":{"name":"(anonymous_10)","decl":{"start":{"line":35,"column":19},"end":{"line":35,"column":20}},"loc":{"start":{"line":35,"column":29},"end":{"line":35,"column":null}}},"6":{"name":"(anonymous_11)","decl":{"start":{"line":42,"column":17},"end":{"line":42,"column":23}},"loc":{"start":{"line":42,"column":23},"end":{"line":42,"column":null}}},"7":{"name":"(anonymous_12)","decl":{"start":{"line":52,"column":26},"end":{"line":52,"column":27}},"loc":{"start":{"line":53,"column":12},"end":{"line":53,"column":29}}},"8":{"name":"(anonymous_13)","decl":{"start":{"line":71,"column":20},"end":{"line":71,"column":21}},"loc":{"start":{"line":71,"column":27},"end":{"line":71,"column":null}}},"9":{"name":"(anonymous_14)","decl":{"start":{"line":72,"column":22},"end":{"line":72,"column":23}},"loc":{"start":{"line":72,"column":23},"end":{"line":77,"column":null}}}},"branchMap":{"0":{"loc":{"start":{"line":30,"column":4},"end":{"line":30,"column":null}},"type":"if","locations":[{"start":{"line":30,"column":4},"end":{"line":30,"column":null}},{"start":{},"end":{}}]},"1":{"loc":{"start":{"line":49,"column":9},"end":{"line":53,"column":29}},"type":"cond-expr","locations":[{"start":{"line":50,"column":10},"end":{"line":52,"column":22}},{"start":{"line":52,"column":10},"end":{"line":53,"column":29}}]},"2":{"loc":{"start":{"line":53,"column":48},"end":{"line":53,"column":103}},"type":"cond-expr","locations":[{"start":{"line":53,"column":70},"end":{"line":53,"column":86}},{"start":{"line":53,"column":86},"end":{"line":53,"column":103}}]},"3":{"loc":{"start":{"line":56,"column":18},"end":{"line":56,"column":null}},"type":"cond-expr","locations":[{"start":{"line":56,"column":40},"end":{"line":56,"column":83}},{"start":{"line":56,"column":83},"end":{"line":56,"column":null}}]},"4":{"loc":{"start":{"line":73,"column":12},"end":{"line":76,"column":null}},"type":"if","locations":[{"start":{"line":73,"column":12},"end":{"line":76,"column":null}},{"start":{},"end":{}}]},"5":{"loc":{"start":{"line":73,"column":16},"end":{"line":73,"column":48}},"type":"binary-expr","locations":[{"start":{"line":73,"column":16},"end":{"line":73,"column":37}},{"start":{"line":73,"column":37},"end":{"line":73,"column":48}}]}},"s":{"0":0,"1":0,"2":0,"3":0,"4":0,"5":0,"6":0,"7":0,"8":0,"9":0,"10":0,"11":0,"12":0,"13":0,"14":0,"15":0,"16":0,"17":0,"18":0,"19":0,"20":0,"21":0,"22":0,"23":0,"24":0,"25":0},"f":{"0":0,"1":0,"2":0,"3":0,"4":0,"5":0,"6":0,"7":0,"8":0,"9":0},"b":{"0":[0,0],"1":[0,0],"2":[0,0],"3":[0,0],"4":[0,0],"5":[0,0]}}
,"/home/antoniovargas/projects/laboral/NodoIA/Proyectos/Transit-IA/CodigosFuentes/appv1/components/documents.jsx": {"path":"/home/antoniovargas/projects/laboral/NodoIA/Proyectos/Transit-IA/CodigosFuentes/appv1/components/documents.jsx","statementMap":{"0":{"start":{"line":7,"column":24},"end":{"line":7,"column":null}},"1":{"start":{"line":3,"column":40},"end":{"line":3,"column":null}},"2":{"start":{"line":4,"column":34},"end":{"line":4,"column":null}},"3":{"start":{"line":5,"column":25},"end":{"line":5,"column":null}},"4":{"start":{"line":8,"column":36},"end":{"line":8,"column":58}},"5":{"start":{"line":9,"column":32},"end":{"line":9,"column":null}},"6":{"start":{"line":10,"column":28},"end":{"line":10,"column":null}},"7":{"start":{"line":12,"column":22},"end":{"line":22,"column":null}},"8":{"start":{"line":13,"column":4},"end":{"line":16,"column":null}},"9":{"start":{"line":14,"column":6},"end":{"line":14,"column":null}},"10":{"start":{"line":15,"column":6},"end":{"line":15,"column":null}},"11":{"start":{"line":17,"column":4},"end":{"line":17,"column":null}},"12":{"start":{"line":18,"column":4},"end":{"line":21,"column":null}},"13":{"start":{"line":19,"column":6},"end":{"line":19,"column":null}},"14":{"start":{"line":20,"column":6},"end":{"line":20,"column":null}},"15":{"start":{"line":34,"column":27},"end":{"line":34,"column":null}},"16":{"start":{"line":44,"column":27},"end":{"line":44,"column":null}}},"fnMap":{"0":{"name":"Documents","decl":{"start":{"line":7,"column":24},"end":{"line":7,"column":null}},"loc":{"start":{"line":7,"column":24},"end":{"line":86,"column":null}}},"1":{"name":"(anonymous_5)","decl":{"start":{"line":12,"column":22},"end":{"line":12,"column":23}},"loc":{"start":{"line":12,"column":46},"end":{"line":22,"column":null}}},"2":{"name":"(anonymous_6)","decl":{"start":{"line":18,"column":43},"end":{"line":18,"column":null}},"loc":{"start":{"line":18,"column":43},"end":{"line":21,"column":7}}},"3":{"name":"(anonymous_7)","decl":{"start":{"line":34,"column":21},"end":{"line":34,"column":27}},"loc":{"start":{"line":34,"column":27},"end":{"line":34,"column":null}}},"4":{"name":"(anonymous_8)","decl":{"start":{"line":44,"column":21},"end":{"line":44,"column":27}},"loc":{"start":{"line":44,"column":27},"end":{"line":44,"column":null}}}},"branchMap":{"0":{"loc":{"start":{"line":12,"column":31},"end":{"line":12,"column":46}},"type":"default-arg","locations":[{"start":{"line":12,"column":42},"end":{"line":12,"column":46}}]},"1":{"loc":{"start":{"line":13,"column":4},"end":{"line":16,"column":null}},"type":"if","locations":[{"start":{"line":13,"column":4},"end":{"line":16,"column":null}},{"start":{},"end":{}}]},"2":{"loc":{"start":{"line":36,"column":14},"end":{"line":38,"column":null}},"type":"cond-expr","locations":[{"start":{"line":37,"column":18},"end":{"line":37,"column":null}},{"start":{"line":38,"column":18},"end":{"line":38,"column":null}}]},"3":{"loc":{"start":{"line":46,"column":14},"end":{"line":48,"column":null}},"type":"cond-expr","locations":[{"start":{"line":47,"column":18},"end":{"line":47,"column":null}},{"start":{"line":48,"column":18},"end":{"line":48,"column":null}}]},"4":{"loc":{"start":{"line":58,"column":9},"end":{"line":58,"column":null}},"type":"binary-expr","locations":[{"start":{"line":58,"column":9},"end":{"line":58,"column":null}}]},"5":{"loc":{"start":{"line":61,"column":9},"end":{"line":61,"column":37}},"type":"binary-expr","locations":[{"start":{"line":61,"column":9},"end":{"line":61,"column":37}}]},"6":{"loc":{"start":{"line":64,"column":7},"end":{"line":64,"column":null}},"type":"binary-expr","locations":[{"start":{"line":64,"column":7},"end":{"line":64,"column":null}}]},"7":{"loc":{"start":{"line":67,"column":12},"end":{"line":71,"column":null}},"type":"cond-expr","locations":[{"start":{"line":68,"column":16},"end":{"line":68,"column":null}},{"start":{"line":69,"column":16},"end":{"line":71,"column":null}}]},"8":{"loc":{"start":{"line":69,"column":16},"end":{"line":71,"column":null}},"type":"cond-expr","locations":[{"start":{"line":70,"column":16},"end":{"line":70,"column":null}},{"start":{"line":71,"column":16},"end":{"line":71,"column":null}}]},"9":{"loc":{"start":{"line":75,"column":13},"end":{"line":79,"column":null}},"type":"cond-expr","locations":[{"start":{"line":76,"column":16},"end":{"line":76,"column":null}},{"start":{"line":77,"column":16},"end":{"line":79,"column":null}}]},"10":{"loc":{"start":{"line":77,"column":16},"end":{"line":79,"column":null}},"type":"cond-expr","locations":[{"start":{"line":78,"column":16},"end":{"line":78,"column":null}},{"start":{"line":79,"column":16},"end":{"line":79,"column":null}}]}},"s":{"0":0,"1":0,"2":0,"3":0,"4":0,"5":0,"6":0,"7":0,"8":0,"9":0,"10":0,"11":0,"12":0,"13":0,"14":0,"15":0,"16":0},"f":{"0":0,"1":0,"2":0,"3":0,"4":0},"b":{"0":[0],"1":[0,0],"2":[0,0],"3":[0,0],"4":[0],"5":[0],"6":[0],"7":[0,0],"8":[0,0],"9":[0,0],"10":[0,0]}}
,"/home/antoniovargas/projects/laboral/NodoIA/Proyectos/Transit-IA/CodigosFuentes/appv1/components/environment-info.jsx": {"path":"/home/antoniovargas/projects/laboral/NodoIA/Proyectos/Transit-IA/CodigosFuentes/appv1/components/environment-info.jsx","statementMap":{"0":{"start":{"line":6,"column":24},"end":{"line":6,"column":40}},"1":{"start":{"line":3,"column":36},"end":{"line":3,"column":null}},"2":{"start":{"line":4,"column":23},"end":{"line":4,"column":null}},"3":{"start":{"line":7,"column":32},"end":{"line":7,"column":null}},"4":{"start":{"line":8,"column":32},"end":{"line":8,"column":null}},"5":{"start":{"line":9,"column":38},"end":{"line":9,"column":null}},"6":{"start":{"line":11,"column":31},"end":{"line":28,"column":null}},"7":{"start":{"line":12,"column":4},"end":{"line":27,"column":null}},"8":{"start":{"line":13,"column":6},"end":{"line":13,"column":null}},"9":{"start":{"line":14,"column":6},"end":{"line":14,"column":null}},"10":{"start":{"line":14,"column":20},"end":{"line":14,"column":null}},"11":{"start":{"line":16,"column":18},"end":{"line":16,"column":78}},"12":{"start":{"line":17,"column":23},"end":{"line":17,"column":null}},"13":{"start":{"line":18,"column":19},"end":{"line":18,"column":null}},"14":{"start":{"line":20,"column":6},"end":{"line":20,"column":null}},"15":{"start":{"line":22,"column":6},"end":{"line":22,"column":null}},"16":{"start":{"line":23,"column":6},"end":{"line":23,"column":null}},"17":{"start":{"line":25,"column":6},"end":{"line":25,"column":null}},"18":{"start":{"line":26,"column":6},"end":{"line":26,"column":null}},"19":{"start":{"line":30,"column":2},"end":{"line":34,"column":null}},"20":{"start":{"line":31,"column":4},"end":{"line":33,"column":null}},"21":{"start":{"line":32,"column":6},"end":{"line":32,"column":null}},"22":{"start":{"line":36,"column":2},"end":{"line":36,"column":null}},"23":{"start":{"line":36,"column":18},"end":{"line":36,"column":null}},"24":{"start":{"line":38,"column":25},"end":{"line":41,"column":null}},"25":{"start":{"line":39,"column":4},"end":{"line":39,"column":null}},"26":{"start":{"line":39,"column":30},"end":{"line":39,"column":null}},"27":{"start":{"line":40,"column":4},"end":{"line":40,"column":null}},"28":{"start":{"line":43,"column":24},"end":{"line":46,"column":null}},"29":{"start":{"line":44,"column":4},"end":{"line":44,"column":null}},"30":{"start":{"line":44,"column":30},"end":{"line":44,"column":null}},"31":{"start":{"line":45,"column":4},"end":{"line":45,"column":null}},"32":{"start":{"line":134,"column":35},"end":{"line":134,"column":null}}},"fnMap":{"0":{"name":"EnvironmentInfo","decl":{"start":{"line":6,"column":24},"end":{"line":6,"column":40}},"loc":{"start":{"line":6,"column":62},"end":{"line":198,"column":null}}},"1":{"name":"(anonymous_5)","decl":{"start":{"line":11,"column":31},"end":{"line":11,"column":38}},"loc":{"start":{"line":11,"column":54},"end":{"line":28,"column":null}}},"2":{"name":"(anonymous_6)","decl":{"start":{"line":30,"column":12},"end":{"line":30,"column":null}},"loc":{"start":{"line":30,"column":12},"end":{"line":34,"column":5}}},"3":{"name":"(anonymous_7)","decl":{"start":{"line":38,"column":25},"end":{"line":38,"column":26}},"loc":{"start":{"line":38,"column":26},"end":{"line":41,"column":null}}},"4":{"name":"(anonymous_8)","decl":{"start":{"line":43,"column":24},"end":{"line":43,"column":25}},"loc":{"start":{"line":43,"column":25},"end":{"line":46,"column":null}}},"5":{"name":"(anonymous_9)","decl":{"start":{"line":134,"column":29},"end":{"line":134,"column":35}},"loc":{"start":{"line":134,"column":35},"end":{"line":134,"column":null}}}},"branchMap":{"0":{"loc":{"start":{"line":11,"column":38},"end":{"line":11,"column":54}},"type":"default-arg","locations":[{"start":{"line":11,"column":49},"end":{"line":11,"column":54}}]},"1":{"loc":{"start":{"line":14,"column":6},"end":{"line":14,"column":null}},"type":"if","locations":[{"start":{"line":14,"column":6},"end":{"line":14,"column":null}},{"start":{},"end":{}}]},"2":{"loc":{"start":{"line":16,"column":44},"end":{"line":16,"column":78}},"type":"cond-expr","locations":[{"start":{"line":16,"column":55},"end":{"line":16,"column":74}},{"start":{"line":16,"column":74},"end":{"line":16,"column":78}}]},"3":{"loc":{"start":{"line":31,"column":4},"end":{"line":33,"column":null}},"type":"if","locations":[{"start":{"line":31,"column":4},"end":{"line":33,"column":null}},{"start":{},"end":{}}]},"4":{"loc":{"start":{"line":36,"column":2},"end":{"line":36,"column":null}},"type":"if","locations":[{"start":{"line":36,"column":2},"end":{"line":36,"column":null}},{"start":{},"end":{}}]},"5":{"loc":{"start":{"line":39,"column":4},"end":{"line":39,"column":null}},"type":"if","locations":[{"start":{"line":39,"column":4},"end":{"line":39,"column":null}},{"start":{},"end":{}}]},"6":{"loc":{"start":{"line":40,"column":11},"end":{"line":40,"column":null}},"type":"cond-expr","locations":[{"start":{"line":40,"column":20},"end":{"line":40,"column":39}},{"start":{"line":40,"column":39},"end":{"line":40,"column":null}}]},"7":{"loc":{"start":{"line":44,"column":4},"end":{"line":44,"column":null}},"type":"if","locations":[{"start":{"line":44,"column":4},"end":{"line":44,"column":null}},{"start":{},"end":{}}]},"8":{"loc":{"start":{"line":45,"column":11},"end":{"line":45,"column":null}},"type":"cond-expr","locations":[{"start":{"line":45,"column":20},"end":{"line":45,"column":26}},{"start":{"line":45,"column":26},"end":{"line":45,"column":null}}]},"9":{"loc":{"start":{"line":64,"column":11},"end":{"line":64,"column":22}},"type":"binary-expr","locations":[{"start":{"line":64,"column":11},"end":{"line":64,"column":22}},{"start":{"line":64,"column":22},"end":{"line":64,"column":null}}]},"10":{"loc":{"start":{"line":71,"column":11},"end":{"line":71,"column":22}},"type":"binary-expr","locations":[{"start":{"line":71,"column":11},"end":{"line":71,"column":22}},{"start":{"line":71,"column":22},"end":{"line":71,"column":36}}]},"11":{"loc":{"start":{"line":94,"column":23},"end":{"line":94,"column":null}},"type":"binary-expr","locations":[{"start":{"line":94,"column":23},"end":{"line":94,"column":49}},{"start":{"line":94,"column":53},"end":{"line":94,"column":null}}]},"12":{"loc":{"start":{"line":120,"column":19},"end":{"line":120,"column":43}},"type":"binary-expr","locations":[{"start":{"line":120,"column":19},"end":{"line":120,"column":43}}]},"13":{"loc":{"start":{"line":138,"column":21},"end":{"line":138,"column":null}},"type":"cond-expr","locations":[{"start":{"line":138,"column":34},"end":{"line":138,"column":51}},{"start":{"line":138,"column":51},"end":{"line":138,"column":null}}]},"14":{"loc":{"start":{"line":143,"column":18},"end":{"line":168,"column":19}},"type":"cond-expr","locations":[{"start":{"line":143,"column":18},"end":{"line":168,"column":19}}]},"15":{"loc":{"start":{"line":149,"column":33},"end":{"line":149,"column":null}},"type":"cond-expr","locations":[{"start":{"line":149,"column":64},"end":{"line":149,"column":79}},{"start":{"line":149,"column":79},"end":{"line":149,"column":null}}]},"16":{"loc":{"start":{"line":160,"column":21},"end":{"line":160,"column":45}},"type":"binary-expr","locations":[{"start":{"line":160,"column":21},"end":{"line":160,"column":45}}]},"17":{"loc":{"start":{"line":179,"column":11},"end":{"line":179,"column":null}},"type":"binary-expr","locations":[{"start":{"line":179,"column":11},"end":{"line":179,"column":null}}]}},"s":{"0":0,"1":0,"2":0,"3":0,"4":0,"5":0,"6":0,"7":0,"8":0,"9":0,"10":0,"11":0,"12":0,"13":0,"14":0,"15":0,"16":0,"17":0,"18":0,"19":0,"20":0,"21":0,"22":0,"23":0,"24":0,"25":0,"26":0,"27":0,"28":0,"29":0,"30":0,"31":0,"32":0},"f":{"0":0,"1":0,"2":0,"3":0,"4":0,"5":0},"b":{"0":[0],"1":[0,0],"2":[0,0],"3":[0,0],"4":[0,0],"5":[0,0],"6":[0,0],"7":[0,0],"8":[0,0],"9":[0,0],"10":[0,0],"11":[0,0],"12":[0],"13":[0,0],"14":[0],"15":[0,0],"16":[0],"17":[0]}}
,"/home/antoniovargas/projects/laboral/NodoIA/Proyectos/Transit-IA/CodigosFuentes/appv1/components/glossary-main.jsx": {"path":"/home/antoniovargas/projects/laboral/NodoIA/Proyectos/Transit-IA/CodigosFuentes/appv1/components/glossary-main.jsx","statementMap":{"0":{"start":{"line":6,"column":24},"end":{"line":6,"column":37}},"1":{"start":{"line":2,"column":56},"end":{"line":2,"column":null}},"2":{"start":{"line":3,"column":21},"end":{"line":3,"column":null}},"3":{"start":{"line":4,"column":35},"end":{"line":4,"column":null}},"4":{"start":{"line":7,"column":44},"end":{"line":7,"column":null}},"5":{"start":{"line":8,"column":54},"end":{"line":8,"column":null}},"6":{"start":{"line":10,"column":2},"end":{"line":18,"column":null}},"7":{"start":{"line":11,"column":18},"end":{"line":11,"column":null}},"8":{"start":{"line":12,"column":17},"end":{"line":15,"column":null}},"9":{"start":{"line":13,"column":19},"end":{"line":13,"column":null}},"10":{"start":{"line":14,"column":6},"end":{"line":14,"column":null}},"11":{"start":{"line":14,"column":19},"end":{"line":14,"column":null}},"12":{"start":{"line":16,"column":4},"end":{"line":16,"column":null}},"13":{"start":{"line":17,"column":4},"end":{"line":17,"column":null}},"14":{"start":{"line":17,"column":18},"end":{"line":17,"column":null}},"15":{"start":{"line":20,"column":20},"end":{"line":21,"column":null}},"16":{"start":{"line":21,"column":4},"end":{"line":21,"column":null}},"17":{"start":{"line":23,"column":32},"end":{"line":29,"column":null}},"18":{"start":{"line":24,"column":19},"end":{"line":24,"column":null}},"19":{"start":{"line":25,"column":4},"end":{"line":27,"column":null}},"20":{"start":{"line":31,"column":26},"end":{"line":31,"column":null}},"21":{"start":{"line":31,"column":50},"end":{"line":31,"column":75}}},"fnMap":{"0":{"name":"GlossaryMain","decl":{"start":{"line":6,"column":24},"end":{"line":6,"column":37}},"loc":{"start":{"line":6,"column":56},"end":{"line":41,"column":null}}},"1":{"name":"(anonymous_6)","decl":{"start":{"line":10,"column":12},"end":{"line":10,"column":null}},"loc":{"start":{"line":10,"column":12},"end":{"line":18,"column":5}}},"2":{"name":"(anonymous_7)","decl":{"start":{"line":12,"column":17},"end":{"line":12,"column":null}},"loc":{"start":{"line":12,"column":17},"end":{"line":15,"column":null}}},"3":{"name":"(anonymous_8)","decl":{"start":{"line":17,"column":11},"end":{"line":17,"column":18}},"loc":{"start":{"line":17,"column":18},"end":{"line":17,"column":null}}},"4":{"name":"(anonymous_9)","decl":{"start":{"line":20,"column":20},"end":{"line":20,"column":21}},"loc":{"start":{"line":21,"column":4},"end":{"line":21,"column":null}}},"5":{"name":"(anonymous_10)","decl":{"start":{"line":23,"column":53},"end":{"line":23,"column":54}},"loc":{"start":{"line":23,"column":54},"end":{"line":29,"column":null}}},"6":{"name":"(anonymous_11)","decl":{"start":{"line":31,"column":38},"end":{"line":31,"column":39}},"loc":{"start":{"line":31,"column":50},"end":{"line":31,"column":75}}}},"branchMap":{"0":{"loc":{"start":{"line":14,"column":6},"end":{"line":14,"column":null}},"type":"if","locations":[{"start":{"line":14,"column":6},"end":{"line":14,"column":null}},{"start":{},"end":{}}]},"1":{"loc":{"start":{"line":26,"column":6},"end":{"line":27,"column":null}},"type":"binary-expr","locations":[{"start":{"line":26,"column":6},"end":{"line":26,"column":null}},{"start":{"line":27,"column":6},"end":{"line":27,"column":null}}]}},"s":{"0":0,"1":0,"2":0,"3":0,"4":0,"5":0,"6":0,"7":0,"8":0,"9":0,"10":0,"11":0,"12":0,"13":0,"14":0,"15":0,"16":0,"17":0,"18":0,"19":0,"20":0,"21":0},"f":{"0":0,"1":0,"2":0,"3":0,"4":0,"5":0,"6":0},"b":{"0":[0,0],"1":[0,0]}}
,"/home/antoniovargas/projects/laboral/NodoIA/Proyectos/Transit-IA/CodigosFuentes/appv1/components/glossary.jsx": {"path":"/home/antoniovargas/projects/laboral/NodoIA/Proyectos/Transit-IA/CodigosFuentes/appv1/components/glossary.jsx","statementMap":{"0":{"start":{"line":5,"column":24},"end":{"line":5,"column":33}},"1":{"start":{"line":2,"column":32},"end":{"line":2,"column":null}},"2":{"start":{"line":3,"column":17},"end":{"line":3,"column":null}},"3":{"start":{"line":6,"column":54},"end":{"line":6,"column":null}},"4":{"start":{"line":9,"column":32},"end":{"line":12,"column":null}},"5":{"start":{"line":11,"column":6},"end":{"line":12,"column":null}},"6":{"start":{"line":32,"column":27},"end":{"line":32,"column":null}},"7":{"start":{"line":64,"column":12},"end":{"line":65,"column":null}}},"fnMap":{"0":{"name":"Glossary","decl":{"start":{"line":5,"column":24},"end":{"line":5,"column":33}},"loc":{"start":{"line":5,"column":54},"end":{"line":78,"column":null}}},"1":{"name":"(anonymous_6)","decl":{"start":{"line":10,"column":4},"end":{"line":10,"column":5}},"loc":{"start":{"line":11,"column":6},"end":{"line":12,"column":null}}},"2":{"name":"(anonymous_7)","decl":{"start":{"line":32,"column":20},"end":{"line":32,"column":21}},"loc":{"start":{"line":32,"column":27},"end":{"line":32,"column":null}}},"3":{"name":"(anonymous_8)","decl":{"start":{"line":63,"column":36},"end":{"line":63,"column":37}},"loc":{"start":{"line":64,"column":12},"end":{"line":65,"column":null}}}},"branchMap":{"0":{"loc":{"start":{"line":5,"column":35},"end":{"line":5,"column":52}},"type":"default-arg","locations":[{"start":{"line":5,"column":50},"end":{"line":5,"column":52}}]},"1":{"loc":{"start":{"line":11,"column":6},"end":{"line":12,"column":null}},"type":"binary-expr","locations":[{"start":{"line":11,"column":6},"end":{"line":11,"column":null}},{"start":{"line":12,"column":6},"end":{"line":12,"column":null}}]},"2":{"loc":{"start":{"line":58,"column":9},"end":{"line":65,"column":null}},"type":"cond-expr","locations":[{"start":{"line":59,"column":10},"end":{"line":63,"column":32}},{"start":{"line":63,"column":10},"end":{"line":65,"column":null}}]}},"s":{"0":0,"1":0,"2":0,"3":0,"4":0,"5":0,"6":0,"7":0},"f":{"0":0,"1":0,"2":0,"3":0},"b":{"0":[0],"1":[0,0],"2":[0,0]}}
,"/home/antoniovargas/projects/laboral/NodoIA/Proyectos/Transit-IA/CodigosFuentes/appv1/components/help-contact.jsx": {"path":"/home/antoniovargas/projects/laboral/NodoIA/Proyectos/Transit-IA/CodigosFuentes/appv1/components/help-contact.jsx","statementMap":{"0":{"start":{"line":5,"column":24},"end":{"line":5,"column":36}},"1":{"start":{"line":3,"column":18},"end":{"line":3,"column":null}}},"fnMap":{"0":{"name":"HelpContact","decl":{"start":{"line":5,"column":24},"end":{"line":5,"column":36}},"loc":{"start":{"line":5,"column":55},"end":{"line":43,"column":null}}}},"branchMap":{},"s":{"0":0,"1":0},"f":{"0":0},"b":{}}
,"/home/antoniovargas/projects/laboral/NodoIA/Proyectos/Transit-IA/CodigosFuentes/appv1/components/icons-placeholder.jsx": {"path":"/home/antoniovargas/projects/laboral/NodoIA/Proyectos/Transit-IA/CodigosFuentes/appv1/components/icons-placeholder.jsx","statementMap":{"0":{"start":{"line":4,"column":13},"end":{"line":4,"column":24}},"1":{"start":{"line":2,"column":18},"end":{"line":2,"column":null}}},"fnMap":{},"branchMap":{},"s":{"0":0,"1":0},"f":{},"b":{}}
,"/home/antoniovargas/projects/laboral/NodoIA/Proyectos/Transit-IA/CodigosFuentes/appv1/components/icons.jsx": {"path":"/home/antoniovargas/projects/laboral/NodoIA/Proyectos/Transit-IA/CodigosFuentes/appv1/components/icons.jsx","statementMap":{"0":{"start":{"line":156,"column":13},"end":{"line":156,"column":21}},"1":{"start":{"line":68,"column":13},"end":{"line":68,"column":21}},"2":{"start":{"line":2,"column":13},"end":{"line":2,"column":25}},"3":{"start":{"line":13,"column":13},"end":{"line":13,"column":30}},"4":{"start":{"line":90,"column":13},"end":{"line":90,"column":25}},"5":{"start":{"line":184,"column":13},"end":{"line":184,"column":28}},"6":{"start":{"line":57,"column":13},"end":{"line":57,"column":22}},"7":{"start":{"line":101,"column":13},"end":{"line":101,"column":21}},"8":{"start":{"line":173,"column":13},"end":{"line":173,"column":21}},"9":{"start":{"line":123,"column":13},"end":{"line":123,"column":26}},"10":{"start":{"line":46,"column":13},"end":{"line":46,"column":27}},"11":{"start":{"line":145,"column":13},"end":{"line":145,"column":22}},"12":{"start":{"line":79,"column":13},"end":{"line":79,"column":34}},"13":{"start":{"line":35,"column":13},"end":{"line":35,"column":26}},"14":{"start":{"line":24,"column":13},"end":{"line":24,"column":28}},"15":{"start":{"line":212,"column":13},"end":{"line":212,"column":25}},"16":{"start":{"line":195,"column":13},"end":{"line":195,"column":23}},"17":{"start":{"line":112,"column":13},"end":{"line":112,"column":21}},"18":{"start":{"line":134,"column":13},"end":{"line":134,"column":21}},"19":{"start":{"line":206,"column":13},"end":{"line":206,"column":18}},"20":{"start":{"line":224,"column":0},"end":{"line":224,"column":15}},"21":{"start":{"line":224,"column":15},"end":{"line":245,"column":1}}},"fnMap":{},"branchMap":{},"s":{"0":0,"1":0,"2":0,"3":0,"4":0,"5":0,"6":0,"7":0,"8":0,"9":0,"10":0,"11":0,"12":0,"13":0,"14":0,"15":0,"16":0,"17":0,"18":0,"19":0,"20":0,"21":0},"f":{},"b":{}}
,"/home/antoniovargas/projects/laboral/NodoIA/Proyectos/Transit-IA/CodigosFuentes/appv1/components/my-profile.jsx": {"path":"/home/antoniovargas/projects/laboral/NodoIA/Proyectos/Transit-IA/CodigosFuentes/appv1/components/my-profile.jsx","statementMap":{"0":{"start":{"line":7,"column":24},"end":{"line":7,"column":34}},"1":{"start":{"line":3,"column":43},"end":{"line":3,"column":null}},"2":{"start":{"line":9,"column":38},"end":{"line":9,"column":null}},"3":{"start":{"line":10,"column":46},"end":{"line":10,"column":null}},"4":{"start":{"line":15,"column":2},"end":{"line":45,"column":null}},"5":{"start":{"line":16,"column":18},"end":{"line":16,"column":null}},"6":{"start":{"line":17,"column":23},"end":{"line":17,"column":null}},"7":{"start":{"line":18,"column":25},"end":{"line":36,"column":null}},"8":{"start":{"line":19,"column":6},"end":{"line":19,"column":null}},"9":{"start":{"line":20,"column":6},"end":{"line":35,"column":null}},"10":{"start":{"line":21,"column":20},"end":{"line":21,"column":null}},"11":{"start":{"line":22,"column":8},"end":{"line":22,"column":null}},"12":{"start":{"line":22,"column":21},"end":{"line":22,"column":null}},"13":{"start":{"line":23,"column":21},"end":{"line":23,"column":null}},"14":{"start":{"line":25,"column":28},"end":{"line":25,"column":null}},"15":{"start":{"line":26,"column":8},"end":{"line":26,"column":null}},"16":{"start":{"line":26,"column":21},"end":{"line":26,"column":null}},"17":{"start":{"line":28,"column":8},"end":{"line":31,"column":null}},"18":{"start":{"line":29,"column":10},"end":{"line":31,"column":null}},"19":{"start":{"line":34,"column":8},"end":{"line":34,"column":null}},"20":{"start":{"line":34,"column":21},"end":{"line":34,"column":null}},"21":{"start":{"line":39,"column":4},"end":{"line":39,"column":null}},"22":{"start":{"line":41,"column":4},"end":{"line":44,"column":null}},"23":{"start":{"line":42,"column":6},"end":{"line":42,"column":null}},"24":{"start":{"line":43,"column":6},"end":{"line":43,"column":null}}},"fnMap":{"0":{"name":"MyProfile","decl":{"start":{"line":7,"column":24},"end":{"line":7,"column":34}},"loc":{"start":{"line":7,"column":71},"end":{"line":84,"column":null}}},"1":{"name":"(anonymous_5)","decl":{"start":{"line":15,"column":12},"end":{"line":15,"column":null}},"loc":{"start":{"line":15,"column":12},"end":{"line":45,"column":5}}},"2":{"name":"(anonymous_6)","decl":{"start":{"line":18,"column":25},"end":{"line":18,"column":null}},"loc":{"start":{"line":18,"column":25},"end":{"line":36,"column":null}}},"3":{"name":"(anonymous_7)","decl":{"start":{"line":41,"column":11},"end":{"line":41,"column":null}},"loc":{"start":{"line":41,"column":11},"end":{"line":44,"column":null}}}},"branchMap":{"0":{"loc":{"start":{"line":22,"column":8},"end":{"line":22,"column":null}},"type":"if","locations":[{"start":{"line":22,"column":8},"end":{"line":22,"column":null}},{"start":{},"end":{}}]},"1":{"loc":{"start":{"line":25,"column":28},"end":{"line":25,"column":null}},"type":"binary-expr","locations":[{"start":{"line":25,"column":28},"end":{"line":25,"column":42}},{"start":{"line":25,"column":42},"end":{"line":25,"column":null}}]},"2":{"loc":{"start":{"line":26,"column":8},"end":{"line":26,"column":null}},"type":"if","locations":[{"start":{"line":26,"column":8},"end":{"line":26,"column":null}},{"start":{},"end":{}}]},"3":{"loc":{"start":{"line":28,"column":8},"end":{"line":31,"column":null}},"type":"if","locations":[{"start":{"line":28,"column":8},"end":{"line":31,"column":null}},{"start":{},"end":{}}]},"4":{"loc":{"start":{"line":28,"column":12},"end":{"line":28,"column":null}},"type":"binary-expr","locations":[{"start":{"line":28,"column":12},"end":{"line":28,"column":23}},{"start":{"line":28,"column":23},"end":{"line":28,"column":null}}]},"5":{"loc":{"start":{"line":34,"column":8},"end":{"line":34,"column":null}},"type":"if","locations":[{"start":{"line":34,"column":8},"end":{"line":34,"column":null}},{"start":{},"end":{}}]},"6":{"loc":{"start":{"line":60,"column":12},"end":{"line":62,"column":13}},"type":"cond-expr","locations":[{"start":{"line":60,"column":12},"end":{"line":62,"column":13}}]},"7":{"loc":{"start":{"line":63,"column":15},"end":{"line":63,"column":null}},"type":"binary-expr","locations":[{"start":{"line":63,"column":15},"end":{"line":63,"column":null}}]},"8":{"loc":{"start":{"line":68,"column":15},"end":{"line":68,"column":null}},"type":"binary-expr","locations":[{"start":{"line":68,"column":15},"end":{"line":68,"column":null}}]},"9":{"loc":{"start":{"line":71,"column":15},"end":{"line":71,"column":null}},"type":"binary-expr","locations":[{"start":{"line":71,"column":15},"end":{"line":71,"column":null}}]}},"s":{"0":0,"1":0,"2":0,"3":0,"4":0,"5":0,"6":0,"7":0,"8":0,"9":0,"10":0,"11":0,"12":0,"13":0,"14":0,"15":0,"16":0,"17":0,"18":0,"19":0,"20":0,"21":0,"22":0,"23":0,"24":0},"f":{"0":0,"1":0,"2":0,"3":0},"b":{"0":[0,0],"1":[0,0],"2":[0,0],"3":[0,0],"4":[0,0],"5":[0,0],"6":[0],"7":[0],"8":[0],"9":[0]}}
,"/home/antoniovargas/projects/laboral/NodoIA/Proyectos/Transit-IA/CodigosFuentes/appv1/components/news.jsx": {"path":"/home/antoniovargas/projects/laboral/NodoIA/Proyectos/Transit-IA/CodigosFuentes/appv1/components/news.jsx","statementMap":{"0":{"start":{"line":12,"column":24},"end":{"line":12,"column":null}},"1":{"start":{"line":2,"column":43},"end":{"line":2,"column":null}},"2":{"start":{"line":3,"column":17},"end":{"line":3,"column":null}},"3":{"start":{"line":4,"column":46},"end":{"line":4,"column":null}},"4":{"start":{"line":9,"column":7},"end":{"line":9,"column":null}},"5":{"start":{"line":10,"column":40},"end":{"line":10,"column":null}},"6":{"start":{"line":13,"column":36},"end":{"line":13,"column":null}},"7":{"start":{"line":14,"column":44},"end":{"line":14,"column":null}},"8":{"start":{"line":15,"column":19},"end":{"line":15,"column":30}},"9":{"start":{"line":17,"column":2},"end":{"line":35,"column":null}},"10":{"start":{"line":18,"column":18},"end":{"line":18,"column":null}},"11":{"start":{"line":19,"column":5},"end":{"line":31,"column":null}},"12":{"start":{"line":20,"column":19},"end":{"line":20,"column":null}},"13":{"start":{"line":21,"column":6},"end":{"line":30,"column":null}},"14":{"start":{"line":22,"column":22},"end":{"line":22,"column":69}},"15":{"start":{"line":23,"column":21},"end":{"line":23,"column":null}},"16":{"start":{"line":24,"column":8},"end":{"line":28,"column":null}},"17":{"start":{"line":25,"column":29},"end":{"line":28,"column":null}},"18":{"start":{"line":32,"column":4},"end":{"line":34,"column":null}},"19":{"start":{"line":33,"column":6},"end":{"line":33,"column":null}},"20":{"start":{"line":37,"column":29},"end":{"line":38,"column":null}},"21":{"start":{"line":38,"column":4},"end":{"line":38,"column":null}},"22":{"start":{"line":38,"column":29},"end":{"line":38,"column":null}},"23":{"start":{"line":40,"column":31},"end":{"line":51,"column":null}},"24":{"start":{"line":41,"column":4},"end":{"line":50,"column":null}},"25":{"start":{"line":42,"column":19},"end":{"line":42,"column":null}},"26":{"start":{"line":43,"column":22},"end":{"line":43,"column":null}},"27":{"start":{"line":44,"column":23},"end":{"line":44,"column":null}},"28":{"start":{"line":45,"column":6},"end":{"line":46,"column":null}},"29":{"start":{"line":46,"column":8},"end":{"line":46,"column":null}},"30":{"start":{"line":46,"column":25},"end":{"line":46,"column":null}},"31":{"start":{"line":66,"column":10},"end":{"line":67,"column":null}},"32":{"start":{"line":75,"column":31},"end":{"line":75,"column":null}},"33":{"start":{"line":101,"column":29},"end":{"line":101,"column":null}}},"fnMap":{"0":{"name":"News","decl":{"start":{"line":12,"column":24},"end":{"line":12,"column":null}},"loc":{"start":{"line":12,"column":24},"end":{"line":111,"column":null}}},"1":{"name":"(anonymous_6)","decl":{"start":{"line":17,"column":12},"end":{"line":17,"column":null}},"loc":{"start":{"line":17,"column":12},"end":{"line":35,"column":5}}},"2":{"name":"(anonymous_7)","decl":{"start":{"line":19,"column":5},"end":{"line":19,"column":null}},"loc":{"start":{"line":19,"column":5},"end":{"line":31,"column":null}}},"3":{"name":"(anonymous_8)","decl":{"start":{"line":25,"column":20},"end":{"line":25,"column":21}},"loc":{"start":{"line":25,"column":29},"end":{"line":28,"column":null}}},"4":{"name":"(anonymous_9)","decl":{"start":{"line":32,"column":11},"end":{"line":32,"column":null}},"loc":{"start":{"line":32,"column":11},"end":{"line":34,"column":null}}},"5":{"name":"(anonymous_10)","decl":{"start":{"line":37,"column":29},"end":{"line":37,"column":30}},"loc":{"start":{"line":38,"column":4},"end":{"line":38,"column":null}}},"6":{"name":"(anonymous_11)","decl":{"start":{"line":38,"column":21},"end":{"line":38,"column":22}},"loc":{"start":{"line":38,"column":29},"end":{"line":38,"column":null}}},"7":{"name":"(anonymous_12)","decl":{"start":{"line":40,"column":31},"end":{"line":40,"column":32}},"loc":{"start":{"line":40,"column":32},"end":{"line":51,"column":null}}},"8":{"name":"(anonymous_13)","decl":{"start":{"line":45,"column":19},"end":{"line":45,"column":20}},"loc":{"start":{"line":46,"column":8},"end":{"line":46,"column":null}}},"9":{"name":"(anonymous_14)","decl":{"start":{"line":46,"column":17},"end":{"line":46,"column":18}},"loc":{"start":{"line":46,"column":25},"end":{"line":46,"column":null}}},"10":{"name":"(anonymous_15)","decl":{"start":{"line":65,"column":23},"end":{"line":65,"column":24}},"loc":{"start":{"line":66,"column":10},"end":{"line":67,"column":null}}},"11":{"name":"(anonymous_16)","decl":{"start":{"line":75,"column":25},"end":{"line":75,"column":31}},"loc":{"start":{"line":75,"column":31},"end":{"line":75,"column":null}}},"12":{"name":"(anonymous_17)","decl":{"start":{"line":101,"column":23},"end":{"line":101,"column":29}},"loc":{"start":{"line":101,"column":29},"end":{"line":101,"column":null}}}},"branchMap":{"0":{"loc":{"start":{"line":21,"column":6},"end":{"line":30,"column":null}},"type":"if","locations":[{"start":{"line":21,"column":6},"end":{"line":30,"column":null}},{"start":{},"end":{}}]},"1":{"loc":{"start":{"line":22,"column":22},"end":{"line":22,"column":69}},"type":"cond-expr","locations":[{"start":{"line":22,"column":44},"end":{"line":22,"column":51}},{"start":{"line":22,"column":51},"end":{"line":22,"column":69}}]},"2":{"loc":{"start":{"line":46,"column":25},"end":{"line":46,"column":null}},"type":"cond-expr","locations":[{"start":{"line":46,"column":44},"end":{"line":46,"column":72}},{"start":{"line":46,"column":72},"end":{"line":46,"column":null}}]},"3":{"loc":{"start":{"line":78,"column":18},"end":{"line":78,"column":null}},"type":"cond-expr","locations":[{"start":{"line":78,"column":31},"end":{"line":78,"column":57}},{"start":{"line":78,"column":57},"end":{"line":78,"column":null}}]},"4":{"loc":{"start":{"line":83,"column":20},"end":{"line":83,"column":null}},"type":"cond-expr","locations":[{"start":{"line":83,"column":33},"end":{"line":83,"column":52}},{"start":{"line":83,"column":52},"end":{"line":83,"column":null}}]},"5":{"loc":{"start":{"line":88,"column":13},"end":{"line":88,"column":26}},"type":"binary-expr","locations":[{"start":{"line":88,"column":13},"end":{"line":88,"column":26}}]},"6":{"loc":{"start":{"line":91,"column":23},"end":{"line":91,"column":null}},"type":"binary-expr","locations":[{"start":{"line":91,"column":23},"end":{"line":91,"column":36}},{"start":{"line":91,"column":40},"end":{"line":91,"column":null}}]},"7":{"loc":{"start":{"line":98,"column":15},"end":{"line":98,"column":71}},"type":"cond-expr","locations":[{"start":{"line":98,"column":40},"end":{"line":98,"column":56}},{"start":{"line":98,"column":59},"end":{"line":98,"column":71}}]},"8":{"loc":{"start":{"line":104,"column":15},"end":{"line":104,"column":null}},"type":"cond-expr","locations":[{"start":{"line":104,"column":40},"end":{"line":104,"column":54}},{"start":{"line":104,"column":54},"end":{"line":104,"column":null}}]}},"s":{"0":0,"1":0,"2":0,"3":0,"4":0,"5":0,"6":0,"7":0,"8":0,"9":0,"10":0,"11":0,"12":0,"13":0,"14":0,"15":0,"16":0,"17":0,"18":0,"19":0,"20":0,"21":0,"22":0,"23":0,"24":0,"25":0,"26":0,"27":0,"28":0,"29":0,"30":0,"31":0,"32":0,"33":0},"f":{"0":0,"1":0,"2":0,"3":0,"4":0,"5":0,"6":0,"7":0,"8":0,"9":0,"10":0,"11":0,"12":0},"b":{"0":[0,0],"1":[0,0],"2":[0,0],"3":[0,0],"4":[0,0],"5":[0],"6":[0,0],"7":[0,0],"8":[0,0]}}
,"/home/antoniovargas/projects/laboral/NodoIA/Proyectos/Transit-IA/CodigosFuentes/appv1/components/notifications.jsx": {"path":"/home/antoniovargas/projects/laboral/NodoIA/Proyectos/Transit-IA/CodigosFuentes/appv1/components/notifications.jsx","statementMap":{"0":{"start":{"line":5,"column":24},"end":{"line":5,"column":38}},"1":{"start":{"line":2,"column":43},"end":{"line":2,"column":null}},"2":{"start":{"line":3,"column":38},"end":{"line":3,"column":null}},"3":{"start":{"line":6,"column":54},"end":{"line":6,"column":null}},"4":{"start":{"line":7,"column":36},"end":{"line":7,"column":null}},"5":{"start":{"line":8,"column":42},"end":{"line":8,"column":null}},"6":{"start":{"line":10,"column":2},"end":{"line":24,"column":null}},"7":{"start":{"line":11,"column":4},"end":{"line":16,"column":null}},"8":{"start":{"line":12,"column":20},"end":{"line":12,"column":null}},"9":{"start":{"line":13,"column":6},"end":{"line":13,"column":null}},"10":{"start":{"line":15,"column":6},"end":{"line":15,"column":null}},"11":{"start":{"line":18,"column":4},"end":{"line":23,"column":null}},"12":{"start":{"line":19,"column":19},"end":{"line":19,"column":null}},"13":{"start":{"line":20,"column":6},"end":{"line":20,"column":null}},"14":{"start":{"line":22,"column":6},"end":{"line":22,"column":null}},"15":{"start":{"line":26,"column":27},"end":{"line":29,"column":null}},"16":{"start":{"line":27,"column":4},"end":{"line":27,"column":null}},"17":{"start":{"line":28,"column":4},"end":{"line":28,"column":null}},"18":{"start":{"line":28,"column":21},"end":{"line":28,"column":81}},"19":{"start":{"line":31,"column":33},"end":{"line":41,"column":null}},"20":{"start":{"line":32,"column":4},"end":{"line":40,"column":null}},"21":{"start":{"line":33,"column":20},"end":{"line":33,"column":null}},"22":{"start":{"line":34,"column":18},"end":{"line":34,"column":null}},"23":{"start":{"line":35,"column":23},"end":{"line":35,"column":null}},"24":{"start":{"line":36,"column":23},"end":{"line":36,"column":null}},"25":{"start":{"line":37,"column":6},"end":{"line":37,"column":null}},"26":{"start":{"line":39,"column":6},"end":{"line":39,"column":null}},"27":{"start":{"line":47,"column":23},"end":{"line":47,"column":null}},"28":{"start":{"line":56,"column":25},"end":{"line":56,"column":null}},"29":{"start":{"line":71,"column":14},"end":{"line":71,"column":35}},"30":{"start":{"line":94,"column":34},"end":{"line":94,"column":null}},"31":{"start":{"line":95,"column":32},"end":{"line":95,"column":null}},"32":{"start":{"line":96,"column":12},"end":{"line":97,"column":32}}},"fnMap":{"0":{"name":"Notifications","decl":{"start":{"line":5,"column":24},"end":{"line":5,"column":38}},"loc":{"start":{"line":5,"column":57},"end":{"line":113,"column":null}}},"1":{"name":"(anonymous_5)","decl":{"start":{"line":10,"column":12},"end":{"line":10,"column":null}},"loc":{"start":{"line":10,"column":12},"end":{"line":24,"column":5}}},"2":{"name":"(anonymous_6)","decl":{"start":{"line":26,"column":27},"end":{"line":26,"column":28}},"loc":{"start":{"line":26,"column":50},"end":{"line":29,"column":null}}},"3":{"name":"(anonymous_7)","decl":{"start":{"line":28,"column":15},"end":{"line":28,"column":21}},"loc":{"start":{"line":28,"column":21},"end":{"line":28,"column":81}}},"4":{"name":"(anonymous_8)","decl":{"start":{"line":31,"column":33},"end":{"line":31,"column":34}},"loc":{"start":{"line":31,"column":34},"end":{"line":41,"column":null}}},"5":{"name":"(anonymous_9)","decl":{"start":{"line":47,"column":17},"end":{"line":47,"column":23}},"loc":{"start":{"line":47,"column":23},"end":{"line":47,"column":null}}},"6":{"name":"(anonymous_10)","decl":{"start":{"line":56,"column":19},"end":{"line":56,"column":25}},"loc":{"start":{"line":56,"column":25},"end":{"line":56,"column":null}}},"7":{"name":"(anonymous_11)","decl":{"start":{"line":70,"column":36},"end":{"line":70,"column":37}},"loc":{"start":{"line":71,"column":14},"end":{"line":71,"column":35}}},"8":{"name":"(anonymous_12)","decl":{"start":{"line":93,"column":25},"end":{"line":93,"column":26}},"loc":{"start":{"line":93,"column":26},"end":{"line":102,"column":null}}}},"branchMap":{"0":{"loc":{"start":{"line":12,"column":31},"end":{"line":12,"column":null}},"type":"binary-expr","locations":[{"start":{"line":12,"column":31},"end":{"line":12,"column":80}},{"start":{"line":12,"column":80},"end":{"line":12,"column":null}}]},"1":{"loc":{"start":{"line":13,"column":28},"end":{"line":13,"column":61}},"type":"cond-expr","locations":[{"start":{"line":13,"column":51},"end":{"line":13,"column":59}},{"start":{"line":13,"column":59},"end":{"line":13,"column":61}}]},"2":{"loc":{"start":{"line":19,"column":30},"end":{"line":19,"column":null}},"type":"binary-expr","locations":[{"start":{"line":19,"column":30},"end":{"line":19,"column":80}},{"start":{"line":19,"column":80},"end":{"line":19,"column":null}}]},"3":{"loc":{"start":{"line":20,"column":19},"end":{"line":20,"column":50}},"type":"cond-expr","locations":[{"start":{"line":20,"column":41},"end":{"line":20,"column":48}},{"start":{"line":20,"column":48},"end":{"line":20,"column":50}}]},"4":{"loc":{"start":{"line":26,"column":37},"end":{"line":26,"column":50}},"type":"default-arg","locations":[{"start":{"line":26,"column":44},"end":{"line":26,"column":50}}]},"5":{"loc":{"start":{"line":67,"column":10},"end":{"line":69,"column":11}},"type":"cond-expr","locations":[{"start":{"line":67,"column":10},"end":{"line":69,"column":11}}]},"6":{"loc":{"start":{"line":81,"column":58},"end":{"line":81,"column":186}},"type":"cond-expr","locations":[{"start":{"line":81,"column":151},"end":{"line":81,"column":168}},{"start":{"line":81,"column":168},"end":{"line":81,"column":186}}]},"7":{"loc":{"start":{"line":95,"column":32},"end":{"line":95,"column":null}},"type":"cond-expr","locations":[{"start":{"line":95,"column":54},"end":{"line":95,"column":71}},{"start":{"line":95,"column":71},"end":{"line":95,"column":null}}]},"8":{"loc":{"start":{"line":95,"column":71},"end":{"line":95,"column":null}},"type":"cond-expr","locations":[{"start":{"line":95,"column":93},"end":{"line":95,"column":113}},{"start":{"line":95,"column":113},"end":{"line":95,"column":null}}]},"9":{"loc":{"start":{"line":99,"column":62},"end":{"line":99,"column":null}},"type":"cond-expr","locations":[{"start":{"line":99,"column":82},"end":{"line":99,"column":112}},{"start":{"line":99,"column":115},"end":{"line":99,"column":null}}]},"10":{"loc":{"start":{"line":106,"column":7},"end":{"line":106,"column":27}},"type":"binary-expr","locations":[{"start":{"line":106,"column":7},"end":{"line":106,"column":27}}]},"11":{"loc":{"start":{"line":107,"column":155},"end":{"line":107,"column":221}},"type":"cond-expr","locations":[{"start":{"line":107,"column":189},"end":{"line":107,"column":206}},{"start":{"line":107,"column":206},"end":{"line":107,"column":221}}]}},"s":{"0":0,"1":0,"2":0,"3":0,"4":0,"5":0,"6":0,"7":0,"8":0,"9":0,"10":0,"11":0,"12":0,"13":0,"14":0,"15":0,"16":0,"17":0,"18":0,"19":0,"20":0,"21":0,"22":0,"23":0,"24":0,"25":0,"26":0,"27":0,"28":0,"29":0,"30":0,"31":0,"32":0},"f":{"0":0,"1":0,"2":0,"3":0,"4":0,"5":0,"6":0,"7":0,"8":0},"b":{"0":[0,0],"1":[0,0],"2":[0,0],"3":[0,0],"4":[0],"5":[0],"6":[0,0],"7":[0,0],"8":[0,0],"9":[0,0],"10":[0],"11":[0,0]}}
,"/home/antoniovargas/projects/laboral/NodoIA/Proyectos/Transit-IA/CodigosFuentes/appv1/components/pico-y-placa.jsx": {"path":"/home/antoniovargas/projects/laboral/NodoIA/Proyectos/Transit-IA/CodigosFuentes/appv1/components/pico-y-placa.jsx","statementMap":{"0":{"start":{"line":6,"column":24},"end":{"line":6,"column":35}},"1":{"start":{"line":2,"column":43},"end":{"line":2,"column":null}},"2":{"start":{"line":4,"column":7},"end":{"line":4,"column":null}},"3":{"start":{"line":8,"column":64},"end":{"line":8,"column":null}},"4":{"start":{"line":9,"column":76},"end":{"line":9,"column":null}},"5":{"start":{"line":10,"column":62},"end":{"line":10,"column":null}},"6":{"start":{"line":12,"column":58},"end":{"line":12,"column":null}},"7":{"start":{"line":13,"column":70},"end":{"line":13,"column":null}},"8":{"start":{"line":14,"column":56},"end":{"line":14,"column":null}},"9":{"start":{"line":16,"column":54},"end":{"line":16,"column":null}},"10":{"start":{"line":17,"column":44},"end":{"line":17,"column":null}},"11":{"start":{"line":19,"column":24},"end":{"line":19,"column":45}},"12":{"start":{"line":20,"column":45},"end":{"line":20,"column":59}},"13":{"start":{"line":21,"column":32},"end":{"line":21,"column":44}},"14":{"start":{"line":23,"column":2},"end":{"line":30,"column":null}},"15":{"start":{"line":24,"column":4},"end":{"line":29,"column":null}},"16":{"start":{"line":25,"column":20},"end":{"line":25,"column":null}},"17":{"start":{"line":26,"column":6},"end":{"line":26,"column":null}},"18":{"start":{"line":28,"column":6},"end":{"line":28,"column":null}},"19":{"start":{"line":32,"column":42},"end":{"line":35,"column":null}},"20":{"start":{"line":33,"column":20},"end":{"line":33,"column":null}},"21":{"start":{"line":34,"column":4},"end":{"line":34,"column":null}},"22":{"start":{"line":37,"column":39},"end":{"line":40,"column":null}},"23":{"start":{"line":38,"column":20},"end":{"line":38,"column":null}},"24":{"start":{"line":39,"column":4},"end":{"line":39,"column":null}},"25":{"start":{"line":42,"column":24},"end":{"line":50,"column":null}},"26":{"start":{"line":43,"column":20},"end":{"line":43,"column":null}},"27":{"start":{"line":43,"column":53},"end":{"line":43,"column":null}},"28":{"start":{"line":44,"column":4},"end":{"line":44,"column":null}},"29":{"start":{"line":45,"column":4},"end":{"line":49,"column":null}},"30":{"start":{"line":46,"column":6},"end":{"line":46,"column":null}},"31":{"start":{"line":70,"column":31},"end":{"line":70,"column":null}},"32":{"start":{"line":80,"column":31},"end":{"line":80,"column":null}},"33":{"start":{"line":85,"column":16},"end":{"line":85,"column":35}},"34":{"start":{"line":95,"column":31},"end":{"line":95,"column":null}},"35":{"start":{"line":99,"column":16},"end":{"line":99,"column":35}},"36":{"start":{"line":116,"column":31},"end":{"line":116,"column":null}},"37":{"start":{"line":122,"column":221},"end":{"line":122,"column":268}},"38":{"start":{"line":125,"column":16},"end":{"line":125,"column":35}},"39":{"start":{"line":131,"column":206},"end":{"line":131,"column":246}},"40":{"start":{"line":134,"column":16},"end":{"line":134,"column":35}},"41":{"start":{"line":158,"column":14},"end":{"line":158,"column":35}},"42":{"start":{"line":166,"column":41},"end":{"line":166,"column":68}}},"fnMap":{"0":{"name":"PicoYPlaca","decl":{"start":{"line":6,"column":24},"end":{"line":6,"column":35}},"loc":{"start":{"line":6,"column":54},"end":{"line":175,"column":null}}},"1":{"name":"(anonymous_5)","decl":{"start":{"line":23,"column":12},"end":{"line":23,"column":null}},"loc":{"start":{"line":23,"column":12},"end":{"line":30,"column":5}}},"2":{"name":"(anonymous_6)","decl":{"start":{"line":32,"column":42},"end":{"line":32,"column":null}},"loc":{"start":{"line":32,"column":42},"end":{"line":35,"column":null}}},"3":{"name":"(anonymous_7)","decl":{"start":{"line":37,"column":39},"end":{"line":37,"column":null}},"loc":{"start":{"line":37,"column":39},"end":{"line":40,"column":null}}},"4":{"name":"(anonymous_8)","decl":{"start":{"line":42,"column":24},"end":{"line":42,"column":25}},"loc":{"start":{"line":42,"column":25},"end":{"line":50,"column":null}}},"5":{"name":"(anonymous_9)","decl":{"start":{"line":43,"column":46},"end":{"line":43,"column":47}},"loc":{"start":{"line":43,"column":53},"end":{"line":43,"column":null}}},"6":{"name":"(anonymous_10)","decl":{"start":{"line":70,"column":24},"end":{"line":70,"column":25}},"loc":{"start":{"line":70,"column":31},"end":{"line":70,"column":null}}},"7":{"name":"(anonymous_11)","decl":{"start":{"line":80,"column":24},"end":{"line":80,"column":25}},"loc":{"start":{"line":80,"column":31},"end":{"line":80,"column":null}}},"8":{"name":"(anonymous_12)","decl":{"start":{"line":84,"column":33},"end":{"line":84,"column":34}},"loc":{"start":{"line":85,"column":16},"end":{"line":85,"column":35}}},"9":{"name":"(anonymous_13)","decl":{"start":{"line":95,"column":24},"end":{"line":95,"column":25}},"loc":{"start":{"line":95,"column":31},"end":{"line":95,"column":null}}},"10":{"name":"(anonymous_14)","decl":{"start":{"line":98,"column":54},"end":{"line":98,"column":55}},"loc":{"start":{"line":99,"column":16},"end":{"line":99,"column":35}}},"11":{"name":"(anonymous_15)","decl":{"start":{"line":116,"column":24},"end":{"line":116,"column":25}},"loc":{"start":{"line":116,"column":31},"end":{"line":116,"column":null}}},"12":{"name":"(anonymous_16)","decl":{"start":{"line":122,"column":214},"end":{"line":122,"column":215}},"loc":{"start":{"line":122,"column":221},"end":{"line":122,"column":268}}},"13":{"name":"(anonymous_17)","decl":{"start":{"line":124,"column":33},"end":{"line":124,"column":34}},"loc":{"start":{"line":125,"column":16},"end":{"line":125,"column":35}}},"14":{"name":"(anonymous_18)","decl":{"start":{"line":131,"column":199},"end":{"line":131,"column":200}},"loc":{"start":{"line":131,"column":206},"end":{"line":131,"column":246}}},"15":{"name":"(anonymous_19)","decl":{"start":{"line":133,"column":54},"end":{"line":133,"column":55}},"loc":{"start":{"line":134,"column":16},"end":{"line":134,"column":35}}},"16":{"name":"(anonymous_20)","decl":{"start":{"line":157,"column":36},"end":{"line":157,"column":37}},"loc":{"start":{"line":158,"column":14},"end":{"line":158,"column":35}}},"17":{"name":"(anonymous_21)","decl":{"start":{"line":166,"column":35},"end":{"line":166,"column":41}},"loc":{"start":{"line":166,"column":41},"end":{"line":166,"column":68}}}},"branchMap":{"0":{"loc":{"start":{"line":10,"column":71},"end":{"line":10,"column":null}},"type":"binary-expr","locations":[{"start":{"line":10,"column":71},"end":{"line":10,"column":88}},{"start":{"line":10,"column":92},"end":{"line":10,"column":null}}]},"1":{"loc":{"start":{"line":25,"column":31},"end":{"line":25,"column":null}},"type":"binary-expr","locations":[{"start":{"line":25,"column":31},"end":{"line":25,"column":80}},{"start":{"line":25,"column":80},"end":{"line":25,"column":null}}]},"2":{"loc":{"start":{"line":26,"column":28},"end":{"line":26,"column":61}},"type":"cond-expr","locations":[{"start":{"line":26,"column":51},"end":{"line":26,"column":59}},{"start":{"line":26,"column":59},"end":{"line":26,"column":61}}]},"3":{"loc":{"start":{"line":145,"column":10},"end":{"line":149,"column":11}},"type":"cond-expr","locations":[{"start":{"line":145,"column":10},"end":{"line":149,"column":11}}]},"4":{"loc":{"start":{"line":146,"column":49},"end":{"line":146,"column":118}},"type":"cond-expr","locations":[{"start":{"line":146,"column":83},"end":{"line":146,"column":100}},{"start":{"line":146,"column":100},"end":{"line":146,"column":118}}]},"5":{"loc":{"start":{"line":154,"column":10},"end":{"line":156,"column":11}},"type":"cond-expr","locations":[{"start":{"line":154,"column":10},"end":{"line":156,"column":11}}]},"6":{"loc":{"start":{"line":163,"column":60},"end":{"line":163,"column":188}},"type":"cond-expr","locations":[{"start":{"line":163,"column":153},"end":{"line":163,"column":170}},{"start":{"line":163,"column":170},"end":{"line":163,"column":188}}]}},"s":{"0":0,"1":0,"2":0,"3":0,"4":0,"5":0,"6":0,"7":0,"8":0,"9":0,"10":0,"11":0,"12":0,"13":0,"14":0,"15":0,"16":0,"17":0,"18":0,"19":0,"20":0,"21":0,"22":0,"23":0,"24":0,"25":0,"26":0,"27":0,"28":0,"29":0,"30":0,"31":0,"32":0,"33":0,"34":0,"35":0,"36":0,"37":0,"38":0,"39":0,"40":0,"41":0,"42":0},"f":{"0":0,"1":0,"2":0,"3":0,"4":0,"5":0,"6":0,"7":0,"8":0,"9":0,"10":0,"11":0,"12":0,"13":0,"14":0,"15":0,"16":0,"17":0},"b":{"0":[0,0],"1":[0,0],"2":[0,0],"3":[0],"4":[0,0],"5":[0],"6":[0,0]}}
,"/home/antoniovargas/projects/laboral/NodoIA/Proyectos/Transit-IA/CodigosFuentes/appv1/components/pqr-main.jsx": {"path":"/home/antoniovargas/projects/laboral/NodoIA/Proyectos/Transit-IA/CodigosFuentes/appv1/components/pqr-main.jsx","statementMap":{"0":{"start":{"line":6,"column":24},"end":{"line":6,"column":32}},"1":{"start":{"line":2,"column":56},"end":{"line":2,"column":null}},"2":{"start":{"line":3,"column":16},"end":{"line":3,"column":null}},"3":{"start":{"line":4,"column":45},"end":{"line":4,"column":null}},"4":{"start":{"line":7,"column":40},"end":{"line":7,"column":null}},"5":{"start":{"line":8,"column":26},"end":{"line":8,"column":null}},"6":{"start":{"line":10,"column":2},"end":{"line":13,"column":null}},"7":{"start":{"line":11,"column":17},"end":{"line":11,"column":null}},"8":{"start":{"line":12,"column":4},"end":{"line":12,"column":null}},"9":{"start":{"line":15,"column":26},"end":{"line":35,"column":null}},"10":{"start":{"line":16,"column":4},"end":{"line":19,"column":null}},"11":{"start":{"line":17,"column":6},"end":{"line":17,"column":null}},"12":{"start":{"line":17,"column":50},"end":{"line":17,"column":null}},"13":{"start":{"line":18,"column":6},"end":{"line":18,"column":null}},"14":{"start":{"line":21,"column":20},"end":{"line":25,"column":null}},"15":{"start":{"line":27,"column":20},"end":{"line":27,"column":null}},"16":{"start":{"line":28,"column":4},"end":{"line":34,"column":null}},"17":{"start":{"line":29,"column":6},"end":{"line":29,"column":null}},"18":{"start":{"line":30,"column":6},"end":{"line":30,"column":null}},"19":{"start":{"line":30,"column":50},"end":{"line":30,"column":null}},"20":{"start":{"line":31,"column":6},"end":{"line":31,"column":null}},"21":{"start":{"line":33,"column":6},"end":{"line":33,"column":null}},"22":{"start":{"line":33,"column":50},"end":{"line":33,"column":null}},"23":{"start":{"line":37,"column":29},"end":{"line":45,"column":null}},"24":{"start":{"line":38,"column":20},"end":{"line":38,"column":null}},"25":{"start":{"line":39,"column":4},"end":{"line":44,"column":null}},"26":{"start":{"line":40,"column":6},"end":{"line":40,"column":null}},"27":{"start":{"line":41,"column":6},"end":{"line":41,"column":null}},"28":{"start":{"line":41,"column":50},"end":{"line":41,"column":null}},"29":{"start":{"line":43,"column":6},"end":{"line":43,"column":null}},"30":{"start":{"line":43,"column":50},"end":{"line":43,"column":null}},"31":{"start":{"line":66,"column":16},"end":{"line":66,"column":32}}},"fnMap":{"0":{"name":"PqrMain","decl":{"start":{"line":6,"column":24},"end":{"line":6,"column":32}},"loc":{"start":{"line":6,"column":69},"end":{"line":85,"column":null}}},"1":{"name":"(anonymous_6)","decl":{"start":{"line":10,"column":12},"end":{"line":10,"column":null}},"loc":{"start":{"line":10,"column":12},"end":{"line":13,"column":5}}},"2":{"name":"(anonymous_7)","decl":{"start":{"line":15,"column":38},"end":{"line":15,"column":null}},"loc":{"start":{"line":15,"column":38},"end":{"line":35,"column":5}}},"3":{"name":"(anonymous_8)","decl":{"start":{"line":37,"column":41},"end":{"line":37,"column":null}},"loc":{"start":{"line":37,"column":41},"end":{"line":45,"column":5}}},"4":{"name":"(anonymous_9)","decl":{"start":{"line":65,"column":19},"end":{"line":65,"column":20}},"loc":{"start":{"line":66,"column":16},"end":{"line":66,"column":32}}}},"branchMap":{"0":{"loc":{"start":{"line":16,"column":4},"end":{"line":19,"column":null}},"type":"if","locations":[{"start":{"line":16,"column":4},"end":{"line":19,"column":null}},{"start":{},"end":{}}]},"1":{"loc":{"start":{"line":17,"column":6},"end":{"line":17,"column":null}},"type":"if","locations":[{"start":{"line":17,"column":6},"end":{"line":17,"column":null}},{"start":{},"end":{}}]},"2":{"loc":{"start":{"line":28,"column":4},"end":{"line":34,"column":null}},"type":"if","locations":[{"start":{"line":28,"column":4},"end":{"line":34,"column":null}},{"start":{"line":32,"column":11},"end":{"line":34,"column":null}}]},"3":{"loc":{"start":{"line":30,"column":6},"end":{"line":30,"column":null}},"type":"if","locations":[{"start":{"line":30,"column":6},"end":{"line":30,"column":null}},{"start":{},"end":{}}]},"4":{"loc":{"start":{"line":33,"column":6},"end":{"line":33,"column":null}},"type":"if","locations":[{"start":{"line":33,"column":6},"end":{"line":33,"column":null}},{"start":{},"end":{}}]},"5":{"loc":{"start":{"line":39,"column":4},"end":{"line":44,"column":null}},"type":"if","locations":[{"start":{"line":39,"column":4},"end":{"line":44,"column":null}},{"start":{"line":42,"column":11},"end":{"line":44,"column":null}}]},"6":{"loc":{"start":{"line":41,"column":6},"end":{"line":41,"column":null}},"type":"if","locations":[{"start":{"line":41,"column":6},"end":{"line":41,"column":null}},{"start":{},"end":{}}]},"7":{"loc":{"start":{"line":43,"column":6},"end":{"line":43,"column":null}},"type":"if","locations":[{"start":{"line":43,"column":6},"end":{"line":43,"column":null}},{"start":{},"end":{}}]},"8":{"loc":{"start":{"line":59,"column":10},"end":{"line":61,"column":11}},"type":"cond-expr","locations":[{"start":{"line":59,"column":10},"end":{"line":61,"column":11}}]}},"s":{"0":0,"1":0,"2":0,"3":0,"4":0,"5":0,"6":0,"7":0,"8":0,"9":0,"10":0,"11":0,"12":0,"13":0,"14":0,"15":0,"16":0,"17":0,"18":0,"19":0,"20":0,"21":0,"22":0,"23":0,"24":0,"25":0,"26":0,"27":0,"28":0,"29":0,"30":0,"31":0},"f":{"0":0,"1":0,"2":0,"3":0,"4":0},"b":{"0":[0,0],"1":[0,0],"2":[0,0],"3":[0,0],"4":[0,0],"5":[0,0],"6":[0,0],"7":[0,0],"8":[0]}}
,"/home/antoniovargas/projects/laboral/NodoIA/Proyectos/Transit-IA/CodigosFuentes/appv1/components/pqr.jsx": {"path":"/home/antoniovargas/projects/laboral/NodoIA/Proyectos/Transit-IA/CodigosFuentes/appv1/components/pqr.jsx","statementMap":{"0":{"start":{"line":4,"column":24},"end":{"line":4,"column":28}},"1":{"start":{"line":2,"column":18},"end":{"line":2,"column":null}},"2":{"start":{"line":16,"column":23},"end":{"line":16,"column":null}},"3":{"start":{"line":31,"column":27},"end":{"line":31,"column":null}}},"fnMap":{"0":{"name":"Pqr","decl":{"start":{"line":4,"column":24},"end":{"line":4,"column":28}},"loc":{"start":{"line":9,"column":1},"end":{"line":43,"column":null}}},"1":{"name":"(anonymous_3)","decl":{"start":{"line":16,"column":17},"end":{"line":16,"column":23}},"loc":{"start":{"line":16,"column":23},"end":{"line":16,"column":null}}},"2":{"name":"(anonymous_4)","decl":{"start":{"line":31,"column":20},"end":{"line":31,"column":21}},"loc":{"start":{"line":31,"column":27},"end":{"line":31,"column":null}}}},"branchMap":{},"s":{"0":0,"1":0,"2":0,"3":0},"f":{"0":0,"1":0,"2":0},"b":{}}
,"/home/antoniovargas/projects/laboral/NodoIA/Proyectos/Transit-IA/CodigosFuentes/appv1/components/quiz.jsx": {"path":"/home/antoniovargas/projects/laboral/NodoIA/Proyectos/Transit-IA/CodigosFuentes/appv1/components/quiz.jsx","statementMap":{"0":{"start":{"line":6,"column":24},"end":{"line":6,"column":null}},"1":{"start":{"line":2,"column":56},"end":{"line":2,"column":null}},"2":{"start":{"line":3,"column":17},"end":{"line":3,"column":null}},"3":{"start":{"line":4,"column":59},"end":{"line":4,"column":null}},"4":{"start":{"line":7,"column":44},"end":{"line":7,"column":null}},"5":{"start":{"line":8,"column":40},"end":{"line":8,"column":null}},"6":{"start":{"line":9,"column":58},"end":{"line":9,"column":null}},"7":{"start":{"line":10,"column":42},"end":{"line":10,"column":null}},"8":{"start":{"line":11,"column":44},"end":{"line":11,"column":null}},"9":{"start":{"line":13,"column":2},"end":{"line":51,"column":null}},"10":{"start":{"line":14,"column":18},"end":{"line":14,"column":null}},"11":{"start":{"line":15,"column":5},"end":{"line":49,"column":null}},"12":{"start":{"line":16,"column":19},"end":{"line":16,"column":null}},"13":{"start":{"line":17,"column":19},"end":{"line":19,"column":32}},"14":{"start":{"line":18,"column":27},"end":{"line":18,"column":null}},"15":{"start":{"line":22,"column":6},"end":{"line":46,"column":null}},"16":{"start":{"line":24,"column":10},"end":{"line":26,"column":null}},"17":{"start":{"line":27,"column":8},"end":{"line":43,"column":null}},"18":{"start":{"line":28,"column":24},"end":{"line":28,"column":null}},"19":{"start":{"line":29,"column":10},"end":{"line":42,"column":null}},"20":{"start":{"line":34,"column":12},"end":{"line":40,"column":null}},"21":{"start":{"line":35,"column":14},"end":{"line":35,"column":null}},"22":{"start":{"line":36,"column":14},"end":{"line":36,"column":null}},"23":{"start":{"line":37,"column":14},"end":{"line":37,"column":null}},"24":{"start":{"line":38,"column":14},"end":{"line":38,"column":null}},"25":{"start":{"line":39,"column":14},"end":{"line":39,"column":null}},"26":{"start":{"line":41,"column":12},"end":{"line":41,"column":null}},"27":{"start":{"line":48,"column":6},"end":{"line":48,"column":null}},"28":{"start":{"line":48,"column":19},"end":{"line":48,"column":null}},"29":{"start":{"line":50,"column":4},"end":{"line":50,"column":null}},"30":{"start":{"line":50,"column":18},"end":{"line":50,"column":null}},"31":{"start":{"line":53,"column":36},"end":{"line":62,"column":null}},"32":{"start":{"line":54,"column":21},"end":{"line":54,"column":null}},"33":{"start":{"line":54,"column":51},"end":{"line":54,"column":null}},"34":{"start":{"line":55,"column":23},"end":{"line":57,"column":null}},"35":{"start":{"line":57,"column":19},"end":{"line":57,"column":null}},"36":{"start":{"line":58,"column":4},"end":{"line":58,"column":null}},"37":{"start":{"line":59,"column":4},"end":{"line":59,"column":null}},"38":{"start":{"line":60,"column":4},"end":{"line":60,"column":null}},"39":{"start":{"line":61,"column":4},"end":{"line":61,"column":null}},"40":{"start":{"line":64,"column":2},"end":{"line":66,"column":null}},"41":{"start":{"line":65,"column":4},"end":{"line":65,"column":null}},"42":{"start":{"line":65,"column":51},"end":{"line":65,"column":null}},"43":{"start":{"line":68,"column":27},"end":{"line":84,"column":null}},"44":{"start":{"line":69,"column":33},"end":{"line":76,"column":null}},"45":{"start":{"line":70,"column":6},"end":{"line":76,"column":null}},"46":{"start":{"line":78,"column":4},"end":{"line":78,"column":null}},"47":{"start":{"line":79,"column":29},"end":{"line":80,"column":null}},"48":{"start":{"line":80,"column":13},"end":{"line":80,"column":null}},"49":{"start":{"line":82,"column":4},"end":{"line":83,"column":null}},"50":{"start":{"line":83,"column":6},"end":{"line":83,"column":null}},"51":{"start":{"line":83,"column":32},"end":{"line":83,"column":null}},"52":{"start":{"line":87,"column":2},"end":{"line":109,"column":null}},"53":{"start":{"line":88,"column":4},"end":{"line":102,"column":null}},"54":{"start":{"line":89,"column":6},"end":{"line":99,"column":null}},"55":{"start":{"line":90,"column":24},"end":{"line":97,"column":null}},"56":{"start":{"line":98,"column":8},"end":{"line":98,"column":null}},"57":{"start":{"line":111,"column":20},"end":{"line":115,"column":null}},"58":{"start":{"line":112,"column":4},"end":{"line":112,"column":null}},"59":{"start":{"line":113,"column":4},"end":{"line":113,"column":null}},"60":{"start":{"line":114,"column":4},"end":{"line":114,"column":null}},"61":{"start":{"line":117,"column":27},"end":{"line":123,"column":null}},"62":{"start":{"line":118,"column":4},"end":{"line":122,"column":null}},"63":{"start":{"line":119,"column":6},"end":{"line":119,"column":null}},"64":{"start":{"line":119,"column":45},"end":{"line":119,"column":null}},"65":{"start":{"line":121,"column":6},"end":{"line":121,"column":null}},"66":{"start":{"line":125,"column":31},"end":{"line":130,"column":null}},"67":{"start":{"line":126,"column":4},"end":{"line":129,"column":null}},"68":{"start":{"line":127,"column":6},"end":{"line":127,"column":null}},"69":{"start":{"line":127,"column":45},"end":{"line":127,"column":null}},"70":{"start":{"line":128,"column":6},"end":{"line":128,"column":null}},"71":{"start":{"line":132,"column":28},"end":{"line":142,"column":null}},"72":{"start":{"line":133,"column":27},"end":{"line":133,"column":47}},"73":{"start":{"line":134,"column":4},"end":{"line":134,"column":null}},"74":{"start":{"line":134,"column":30},"end":{"line":134,"column":null}},"75":{"start":{"line":135,"column":4},"end":{"line":136,"column":null}},"76":{"start":{"line":136,"column":6},"end":{"line":136,"column":null}},"77":{"start":{"line":137,"column":4},"end":{"line":138,"column":null}},"78":{"start":{"line":138,"column":6},"end":{"line":138,"column":null}},"79":{"start":{"line":139,"column":4},"end":{"line":140,"column":null}},"80":{"start":{"line":140,"column":6},"end":{"line":140,"column":null}},"81":{"start":{"line":141,"column":4},"end":{"line":141,"column":null}},"82":{"start":{"line":145,"column":4},"end":{"line":147,"column":null}},"83":{"start":{"line":172,"column":14},"end":{"line":172,"column":null}},"84":{"start":{"line":173,"column":14},"end":{"line":173,"column":null}},"85":{"start":{"line":219,"column":18},"end":{"line":220,"column":null}},"86":{"start":{"line":221,"column":35},"end":{"line":221,"column":null}}},"fnMap":{"0":{"name":"Quiz","decl":{"start":{"line":6,"column":24},"end":{"line":6,"column":null}},"loc":{"start":{"line":6,"column":24},"end":{"line":277,"column":null}}},"1":{"name":"(anonymous_6)","decl":{"start":{"line":13,"column":12},"end":{"line":13,"column":null}},"loc":{"start":{"line":13,"column":12},"end":{"line":51,"column":5}}},"2":{"name":"(anonymous_7)","decl":{"start":{"line":15,"column":5},"end":{"line":15,"column":null}},"loc":{"start":{"line":15,"column":5},"end":{"line":49,"column":null}}},"3":{"name":"(anonymous_8)","decl":{"start":{"line":18,"column":19},"end":{"line":18,"column":20}},"loc":{"start":{"line":18,"column":27},"end":{"line":18,"column":null}}},"4":{"name":"(anonymous_9)","decl":{"start":{"line":50,"column":11},"end":{"line":50,"column":18}},"loc":{"start":{"line":50,"column":18},"end":{"line":50,"column":null}}},"5":{"name":"(anonymous_10)","decl":{"start":{"line":53,"column":48},"end":{"line":53,"column":null}},"loc":{"start":{"line":53,"column":48},"end":{"line":62,"column":5}}},"6":{"name":"(anonymous_11)","decl":{"start":{"line":54,"column":45},"end":{"line":54,"column":51}},"loc":{"start":{"line":54,"column":51},"end":{"line":54,"column":null}}},"7":{"name":"(anonymous_12)","decl":{"start":{"line":57,"column":11},"end":{"line":57,"column":12}},"loc":{"start":{"line":57,"column":19},"end":{"line":57,"column":null}}},"8":{"name":"(anonymous_13)","decl":{"start":{"line":64,"column":12},"end":{"line":64,"column":null}},"loc":{"start":{"line":64,"column":12},"end":{"line":66,"column":5}}},"9":{"name":"(anonymous_14)","decl":{"start":{"line":68,"column":27},"end":{"line":68,"column":28}},"loc":{"start":{"line":68,"column":40},"end":{"line":84,"column":null}}},"10":{"name":"(anonymous_15)","decl":{"start":{"line":69,"column":51},"end":{"line":69,"column":52}},"loc":{"start":{"line":70,"column":6},"end":{"line":76,"column":null}}},"11":{"name":"(anonymous_16)","decl":{"start":{"line":80,"column":6},"end":{"line":80,"column":7}},"loc":{"start":{"line":80,"column":13},"end":{"line":80,"column":null}}},"12":{"name":"(anonymous_17)","decl":{"start":{"line":83,"column":22},"end":{"line":83,"column":23}},"loc":{"start":{"line":83,"column":32},"end":{"line":83,"column":null}}},"13":{"name":"(anonymous_18)","decl":{"start":{"line":87,"column":12},"end":{"line":87,"column":null}},"loc":{"start":{"line":87,"column":12},"end":{"line":103,"column":5}}},"14":{"name":"(anonymous_19)","decl":{"start":{"line":111,"column":20},"end":{"line":111,"column":null}},"loc":{"start":{"line":111,"column":20},"end":{"line":115,"column":null}}},"15":{"name":"(anonymous_20)","decl":{"start":{"line":117,"column":27},"end":{"line":117,"column":null}},"loc":{"start":{"line":117,"column":27},"end":{"line":123,"column":null}}},"16":{"name":"(anonymous_21)","decl":{"start":{"line":119,"column":30},"end":{"line":119,"column":31}},"loc"
[...]
cations":[{"start":{"line":181,"column":41},"end":{"line":181,"column":45}}]},"20":{"loc":{"start":{"line":182,"column":4},"end":{"line":184,"column":null}},"type":"if","locations":[{"start":{"line":182,"column":4},"end":{"line":184,"column":null}},{"start":{},"end":{}}]},"21":{"loc":{"start":{"line":191,"column":6},"end":{"line":193,"column":null}},"type":"if","locations":[{"start":{"line":191,"column":6},"end":{"line":193,"column":null}},{"start":{},"end":{}}]},"22":{"loc":{"start":{"line":191,"column":10},"end":{"line":191,"column":77}},"type":"binary-expr","locations":[{"start":{"line":191,"column":10},"end":{"line":191,"column":26}},{"start":{"line":191,"column":26},"end":{"line":191,"column":77}}]},"23":{"loc":{"start":{"line":198,"column":6},"end":{"line":202,"column":null}},"type":"if","locations":[{"start":{"line":198,"column":6},"end":{"line":202,"column":null}},{"start":{},"end":{}}]},"24":{"loc":{"start":{"line":216,"column":4},"end":{"line":216,"column":null}},"type":"if","locations":[{"start":{"line":216,"column":4},"end":{"line":216,"column":null}},{"start":{},"end":{}}]},"25":{"loc":{"start":{"line":216,"column":8},"end":{"line":216,"column":38}},"type":"binary-expr","locations":[{"start":{"line":216,"column":8},"end":{"line":216,"column":23}},{"start":{"line":216,"column":23},"end":{"line":216,"column":38}}]},"26":{"loc":{"start":{"line":270,"column":4},"end":{"line":273,"column":null}},"type":"if","locations":[{"start":{"line":270,"column":4},"end":{"line":273,"column":null}},{"start":{},"end":{}}]},"27":{"loc":{"start":{"line":282,"column":4},"end":{"line":284,"column":null}},"type":"if","locations":[{"start":{"line":282,"column":4},"end":{"line":284,"column":null}},{"start":{},"end":{}}]},"28":{"loc":{"start":{"line":282,"column":8},"end":{"line":282,"column":45}},"type":"binary-expr","locations":[{"start":{"line":282,"column":8},"end":{"line":282,"column":18}},{"start":{"line":282,"column":18},"end":{"line":282,"column":45}}]},"29":{"loc":{"start":{"line":299,"column":4},"end":{"line":301,"column":null}},"type":"if","locations":[{"start":{"line":299,"column":4},"end":{"line":301,"column":null}},{"start":{},"end":{}}]},"30":{"loc":{"start":{"line":299,"column":8},"end":{"line":299,"column":49}},"type":"binary-expr","locations":[{"start":{"line":299,"column":8},"end":{"line":299,"column":20}},{"start":{"line":299,"column":20},"end":{"line":299,"column":49}}]},"31":{"loc":{"start":{"line":303,"column":33},"end":{"line":303,"column":60}},"type":"binary-expr","locations":[{"start":{"line":303,"column":33},"end":{"line":303,"column":54}},{"start":{"line":303,"column":58},"end":{"line":303,"column":60}}]},"32":{"loc":{"start":{"line":312,"column":4},"end":{"line":314,"column":null}},"type":"if","locations":[{"start":{"line":312,"column":4},"end":{"line":314,"column":null}},{"start":{},"end":{}}]},"33":{"loc":{"start":{"line":316,"column":29},"end":{"line":316,"column":56}},"type":"binary-expr","locations":[{"start":{"line":316,"column":29},"end":{"line":316,"column":50}},{"start":{"line":316,"column":54},"end":{"line":316,"column":56}}]},"34":{"loc":{"start":{"line":328,"column":4},"end":{"line":330,"column":null}},"type":"if","locations":[{"start":{"line":328,"column":4},"end":{"line":330,"column":null}},{"start":{},"end":{}}]},"35":{"loc":{"start":{"line":332,"column":4},"end":{"line":334,"column":null}},"type":"if","locations":[{"start":{"line":332,"column":4},"end":{"line":334,"column":null}},{"start":{},"end":{}}]},"36":{"loc":{"start":{"line":332,"column":8},"end":{"line":332,"column":63}},"type":"binary-expr","locations":[{"start":{"line":332,"column":8},"end":{"line":332,"column":27}},{"start":{"line":332,"column":27},"end":{"line":332,"column":63}}]},"37":{"loc":{"start":{"line":336,"column":29},"end":{"line":336,"column":56}},"type":"binary-expr","locations":[{"start":{"line":336,"column":29},"end":{"line":336,"column":50}},{"start":{"line":336,"column":54},"end":{"line":336,"column":56}}]},"38":{"loc":{"start":{"line":337,"column":6},"end":{"line":337,"column":null}},"type":"cond-expr","locations":[{"start":{"line":337,"column":33},"end":{"line":337,"column":69}},{"start":{"line":337,"column":69},"end":{"line":337,"column":null}}]}},"s":{"0":0,"1":0,"2":0,"3":0,"4":0,"5":0,"6":0,"7":0,"8":0,"9":0,"10":0,"11":0,"12":0,"13":0,"14":0,"15":0,"16":0,"17":0,"18":0,"19":0,"20":0,"21":0,"22":0,"23":0,"24":0,"25":0,"26":0,"27":0,"28":0,"29":0,"30":0,"31":0,"32":0,"33":0,"34":0,"35":0,"36":0,"37":0,"38":0,"39":0,"40":0,"41":0,"42":0,"43":0,"44":0,"45":0,"46":0,"47":0,"48":0,"49":0,"50":0,"51":0,"52":0,"53":0,"54":0,"55":0,"56":0,"57":0,"58":0,"59":0,"60":0,"61":0,"62":0,"63":0,"64":0,"65":0,"66":0,"67":0,"68":0,"69":0,"70":0,"71":0,"72":0,"73":0,"74":0,"75":0,"76":0,"77":0,"78":0,"79":0,"80":0,"81":0,"82":0,"83":0,"84":0,"85":0,"86":0,"87":0,"88":0,"89":0,"90":0,"91":0,"92":0,"93":0,"94":0,"95":0,"96":0,"97":0,"98":0,"99":0,"100":0,"101":0,"102":0},"f":{"0":0,"1":0,"2":0,"3":0,"4":0,"5":0,"6":0,"7":0,"8":0,"9":0,"10":0,"11":0,"12":0,"13":0,"14":0,"15":0,"16":0,"17":0,"18":0,"19":0,"20":0,"21":0,"22":0,"23":0},"b":{"0":[0],"1":[0],"2":[0,0],"3":[0,0],"4":[0,0],"5":[0,0],"6":[0,0],"7":[0,0],"8":[0,0],"9":[0,0],"10":[0,0],"11":[0,0],"12":[0,0],"13":[0,0],"14":[0,0],"15":[0,0],"16":[0,0],"17":[0,0],"18":[0,0],"19":[0],"20":[0,0],"21":[0,0],"22":[0,0],"23":[0,0],"24":[0,0],"25":[0,0],"26":[0,0],"27":[0,0],"28":[0,0],"29":[0,0],"30":[0,0],"31":[0,0],"32":[0,0],"33":[0,0],"34":[0,0],"35":[0,0],"36":[0,0],"37":[0,0],"38":[0,0]}}
,"/home/antoniovargas/projects/laboral/NodoIA/Proyectos/Transit-IA/CodigosFuentes/appv1/src/store/appStore.js": {"path":"/home/antoniovargas/projects/laboral/NodoIA/Proyectos/Transit-IA/CodigosFuentes/appv1/src/store/appStore.js","statementMap":{"0":{"start":{"line":176,"column":13},"end":{"line":176,"column":31}},"1":{"start":{"line":177,"column":13},"end":{"line":177,"column":28}},"2":{"start":{"line":174,"column":13},"end":{"line":174,"column":34}},"3":{"start":{"line":175,"column":13},"end":{"line":175,"column":28}},"4":{"start":{"line":178,"column":13},"end":{"line":178,"column":31}},"5":{"start":{"line":180,"column":13},"end":{"line":180,"column":38}},"6":{"start":{"line":179,"column":13},"end":{"line":179,"column":36}},"7":{"start":{"line":173,"column":13},"end":{"line":173,"column":23}},"8":{"start":{"line":32,"column":13},"end":{"line":32,"column":24}},"9":{"start":{"line":1,"column":23},"end":{"line":1,"column":null}},"10":{"start":{"line":2,"column":43},"end":{"line":2,"column":null}},"11":{"start":{"line":5,"column":21},"end":{"line":29,"column":null}},"12":{"start":{"line":32,"column":27},"end":{"line":168,"column":null}},"13":{"start":{"line":34,"column":19},"end":{"line":125,"column":null}},"14":{"start":{"line":39,"column":8},"end":{"line":43,"column":null}},"15":{"start":{"line":39,"column":24},"end":{"line":43,"column":null}},"16":{"start":{"line":45,"column":33},"end":{"line":45,"column":null}},"17":{"start":{"line":48,"column":8},"end":{"line":53,"column":null}},"18":{"start":{"line":48,"column":24},"end":{"line":53,"column":null}},"19":{"start":{"line":57,"column":8},"end":{"line":70,"column":null}},"20":{"start":{"line":59,"column":33},"end":{"line":61,"column":null}},"21":{"start":{"line":62,"column":29},"end":{"line":62,"column":null}},"22":{"start":{"line":63,"column":10},"end":{"line":69,"column":null}},"23":{"start":{"line":73,"column":8},"end":{"line":87,"column":null}},"24":{"start":{"line":75,"column":33},"end":{"line":77,"column":null}},"25":{"start":{"line":78,"column":29},"end":{"line":78,"column":null}},"26":{"start":{"line":79,"column":33},"end":{"line":79,"column":null}},"27":{"start":{"line":80,"column":10},"end":{"line":86,"column":null}},"28":{"start":{"line":91,"column":8},"end":{"line":98,"column":null}},"29":{"start":{"line":101,"column":8},"end":{"line":106,"column":null}},"30":{"start":{"line":101,"column":24},"end":{"line":106,"column":null}},"31":{"start":{"line":110,"column":8},"end":{"line":112,"column":null}},"32":{"start":{"line":110,"column":24},"end":{"line":112,"column":null}},"33":{"start":{"line":114,"column":38},"end":{"line":114,"column":null}},"34":{"start":{"line":117,"column":8},"end":{"line":119,"column":null}},"35":{"start":{"line":117,"column":24},"end":{"line":119,"column":null}},"36":{"start":{"line":121,"column":40},"end":{"line":121,"column":null}},"37":{"start":{"line":124,"column":19},"end":{"line":124,"column":null}},"38":{"start":{"line":130,"column":8},"end":{"line":155,"column":null}},"39":{"start":{"line":132,"column":26},"end":{"line":132,"column":null}},"40":{"start":{"line":133,"column":10},"end":{"line":133,"column":null}},"41":{"start":{"line":134,"column":10},"end":{"line":134,"column":null}},"42":{"start":{"line":135,"column":10},"end":{"line":135,"column":null}},"43":{"start":{"line":137,"column":10},"end":{"line":139,"column":null}},"44":{"start":{"line":142,"column":32},"end":{"line":142,"column":null}},"45":{"start":{"line":143,"column":10},"end":{"line":154,"column":null}},"46":{"start":{"line":145,"column":28},"end":{"line":145,"column":null}},"47":{"start":{"line":146,"column":14},"end":{"line":146,"column":null}},"48":{"start":{"line":149,"column":14},"end":{"line":149,"column":null}},"49":{"start":{"line":152,"column":14},"end":{"line":152,"column":null}},"50":{"start":{"line":158,"column":30},"end":{"line":167,"column":null}},"51":{"start":{"line":173,"column":26},"end":{"line":173,"column":47}},"52":{"start":{"line":173,"column":37},"end":{"line":173,"column":47}},"53":{"start":{"line":174,"column":37},"end":{"line":174,"column":69}},"54":{"start":{"line":174,"column":48},"end":{"line":174,"column":69}},"55":{"start":{"line":175,"column":31},"end":{"line":175,"column":57}},"56":{"start":{"line":175,"column":42},"end":{"line":175,"column":57}},"57":{"start":{"line":176,"column":34},"end":{"line":176,"column":74}},"58":{"start":{"line":176,"column":45},"end":{"line":176,"column":74}},"59":{"start":{"line":177,"column":31},"end":{"line":177,"column":68}},"60":{"start":{"line":177,"column":42},"end":{"line":177,"column":68}},"61":{"start":{"line":178,"column":34},"end":{"line":178,"column":63}},"62":{"start":{"line":178,"column":45},"end":{"line":178,"column":63}},"63":{"start":{"line":179,"column":39},"end":{"line":179,"column":73}},"64":{"start":{"line":179,"column":50},"end":{"line":179,"column":73}},"65":{"start":{"line":180,"column":41},"end":{"line":180,"column":77}},"66":{"start":{"line":180,"column":52},"end":{"line":180,"column":77}}},"fnMap":{"0":{"name":"(anonymous_10)","decl":{"start":{"line":34,"column":4},"end":{"line":34,"column":5}},"loc":{"start":{"line":34,"column":19},"end":{"line":125,"column":null}}},"1":{"name":"(anonymous_11)","decl":{"start":{"line":38,"column":15},"end":{"line":38,"column":16}},"loc":{"start":{"line":39,"column":8},"end":{"line":43,"column":null}}},"2":{"name":"(anonymous_12)","decl":{"start":{"line":39,"column":12},"end":{"line":39,"column":13}},"loc":{"start":{"line":39,"column":24},"end":{"line":43,"column":null}}},"3":{"name":"(anonymous_13)","decl":{"start":{"line":45,"column":18},"end":{"line":45,"column":19}},"loc":{"start":{"line":45,"column":33},"end":{"line":45,"column":null}}},"4":{"name":"(anonymous_14)","decl":{"start":{"line":47,"column":14},"end":{"line":47,"column":null}},"loc":{"start":{"line":48,"column":8},"end":{"line":53,"column":null}}},"5":{"name":"(anonymous_15)","decl":{"start":{"line":48,"column":12},"end":{"line":48,"column":13}},"loc":{"start":{"line":48,"column":24},"end":{"line":53,"column":null}}},"6":{"name":"(anonymous_16)","decl":{"start":{"line":56,"column":16},"end":{"line":56,"column":17}},"loc":{"start":{"line":57,"column":8},"end":{"line":70,"column":null}}},"7":{"name":"(anonymous_17)","decl":{"start":{"line":57,"column":12},"end":{"line":57,"column":13}},"loc":{"start":{"line":57,"column":13},"end":{"line":70,"column":null}}},"8":{"name":"(anonymous_18)","decl":{"start":{"line":72,"column":14},"end":{"line":72,"column":null}},"loc":{"start":{"line":73,"column":8},"end":{"line":87,"column":null}}},"9":{"name":"(anonymous_19)","decl":{"start":{"line":73,"column":12},"end":{"line":73,"column":13}},"loc":{"start":{"line":73,"column":13},"end":{"line":87,"column":null}}},"10":{"name":"(anonymous_20)","decl":{"start":{"line":90,"column":24},"end":{"line":90,"column":25}},"loc":{"start":{"line":91,"column":8},"end":{"line":98,"column":null}}},"11":{"name":"(anonymous_21)","decl":{"start":{"line":100,"column":24},"end":{"line":100,"column":null}},"loc":{"start":{"line":101,"column":8},"end":{"line":106,"column":null}}},"12":{"name":"(anonymous_22)","decl":{"start":{"line":101,"column":12},"end":{"line":101,"column":13}},"loc":{"start":{"line":101,"column":24},"end":{"line":106,"column":null}}},"13":{"name":"(anonymous_23)","decl":{"start":{"line":109,"column":27},"end":{"line":109,"column":null}},"loc":{"start":{"line":110,"column":8},"end":{"line":112,"column":null}}},"14":{"name":"(anonymous_24)","decl":{"start":{"line":110,"column":12},"end":{"line":110,"column":13}},"loc":{"start":{"line":110,"column":24},"end":{"line":112,"column":null}}},"15":{"name":"(anonymous_25)","decl":{"start":{"line":114,"column":28},"end":{"line":114,"column":29}},"loc":{"start":{"line":114,"column":38},"end":{"line":114,"column":null}}},"16":{"name":"(anonymous_26)","decl":{"start":{"line":116,"column":29},"end":{"line":116,"column":null}},"loc":{"start":{"line":117,"column":8},"end":{"line":119,"column":null}}},"17":{"name":"(anonymous_27)","decl":{"start":{"line":117,"column":12},"end":{"line":117,"column":13}},"loc":{"start":{"line":117,"column":24},"end":{"line":119,"column":null}}},"18":{"name":"(anonymous_28)","decl":{"start":{"line":121,"column":30},"end":{"line":121,"column":31}},"loc":{"start":{"line":121,"column":40},"end":{"line":121,"column":null}}},"19":{"name":"(anonymous_29)","decl":{"start":{"line":124,"column":13},"end":{"line":124,"column":19}},"loc":{"start":{"line":124,"column":19},"end":{"line":124,"column":null}}},"20":{"name":"(anonymous_30)","decl":{"start":{"line":128,"column":33},"end":{"line":128,"column":null}},"loc":{"start":{"line":128,"column":33},"end":{"line":156,"column":null}}},"21":{"name":"(anonymous_31)","decl":{"start":{"line":144,"column":21},"end":{"line":144,"column":22}},"loc":{"start":{"line":144,"column":22},"end":{"line":147,"column":null}}},"22":{"name":"(anonymous_32)","decl":{"start":{"line":148,"column":21},"end":{"line":148,"column":22}},"loc":{"start":{"line":148,"column":27},"end":{"line":150,"column":null}}},"23":{"name":"(anonymous_33)","decl":{"start":{"line":151,"column":24},"end":{"line":151,"column":25}},"loc":{"start":{"line":151,"column":25},"end":{"line":153,"column":null}}},"24":{"name":"(anonymous_34)","decl":{"start":{"line":158,"column":18},"end":{"line":158,"column":19}},"loc":{"start":{"line":158,"column":30},"end":{"line":167,"column":null}}},"25":{"name":"(anonymous_35)","decl":{"start":{"line":173,"column":26},"end":{"line":173,"column":27}},"loc":{"start":{"line":173,"column":37},"end":{"line":173,"column":47}}},"26":{"name":"(anonymous_36)","decl":{"start":{"line":174,"column":37},"end":{"line":174,"column":38}},"loc":{"start":{"line":174,"column":48},"end":{"line":174,"column":69}}},"27":{"name":"(anonymous_37)","decl":{"start":{"line":175,"column":31},"end":{"line":175,"column":32}},"loc":{"start":{"line":175,"column":42},"end":{"line":175,"column":57}}},"28":{"name":"(anonymous_38)","decl":{"start":{"line":176,"column":34},"end":{"line":176,"column":35}},"loc":{"start":{"line":176,"column":45},"end":{"line":176,"column":74}}},"29":{"name":"(anonymous_39)","decl":{"start":{"line":177,"column":31},"end":{"line":177,"column":32}},"loc":{"start":{"line":177,"column":42},"end":{"line":177,"column":68}}},"30":{"name":"(anonymous_40)","decl":{"start":{"line":178,"column":34},"end":{"line":178,"column":35}},"loc":{"start":{"line":178,"column":45},"end":{"line":178,"column":63}}},"31":{"name":"(anonymous_41)","decl":{"start":{"line":179,"column":39},"end":{"line":179,"column":40}},"loc":{"start":{"line":179,"column":50},"end":{"line":179,"column":73}}},"32":{"name":"(anonymous_42)","decl":{"start":{"line":180,"column":41},"end":{"line":180,"column":42}},"loc":{"start":{"line":180,"column":52},"end":{"line":180,"column":77}}}},"branchMap":{"0":{"loc":{"start":{"line":59,"column":33},"end":{"line":61,"column":null}},"type":"cond-expr","locations":[{"start":{"line":60,"column":14},"end":{"line":60,"column":38}},{"start":{"line":61,"column":14},"end":{"line":61,"column":null}}]},"1":{"loc":{"start":{"line":75,"column":33},"end":{"line":77,"column":null}},"type":"cond-expr","locations":[{"start":{"line":76,"column":14},"end":{"line":76,"column":38}},{"start":{"line":77,"column":14},"end":{"line":77,"column":null}}]},"2":{"loc":{"start":{"line":79,"column":33},"end":{"line":79,"column":null}},"type":"binary-expr","locations":[{"start":{"line":79,"column":33},"end":{"line":79,"column":66}},{"start":{"line":79,"column":70},"end":{"line":79,"column":null}}]},"3":{"loc":{"start":{"line":90,"column":34},"end":{"line":90,"column":47}},"type":"default-arg","locations":[{"start":{"line":90,"column":41},"end":{"line":90,"column":47}}]},"4":{"loc":{"start":{"line":90,"column":49},"end":{"line":90,"column":64}},"type":"default-arg","locations":[{"start":{"line":90,"column":60},"end":{"line":90,"column":64}}]},"5":{"loc":{"start":{"line":146,"column":21},"end":{"line":146,"column":null}},"type":"cond-expr","locations":[{"start":{"line":146,"column":43},"end":{"line":146,"column":51}},{"start":{"line":146,"column":51},"end":{"line":146,"column":null}}]}},"s":{"0":0,"1":0,"2":0,"3":0,"4":0,"5":0,"6":0,"7":0,"8":0,"9":0,"10":0,"11":0,"12":0,"13":0,"14":0,"15":0,"16":0,"17":0,"18":0,"19":0,"20":0,"21":0,"22":0,"23":0,"24":0,"25":0,"26":0,"27":0,"28":0,"29":0,"30":0,"31":0,"32":0,"33":0,"34":0,"35":0,"36":0,"37":0,"38":0,"39":0,"40":0,"41":0,"42":0,"43":0,"44":0,"45":0,"46":0,"47":0,"48":0,"49":0,"50":0,"51":0,"52":0,"53":0,"54":0,"55":0,"56":0,"57":0,"58":0,"59":0,"60":0,"61":0,"62":0,"63":0,"64":0,"65":0,"66":0},"f":{"0":0,"1":0,"2":0,"3":0,"4":0,"5":0,"6":0,"7":0,"8":0,"9":0,"10":0,"11":0,"12":0,"13":0,"14":0,"15":0,"16":0,"17":0,"18":0,"19":0,"20":0,"21":0,"22":0,"23":0,"24":0,"25":0,"26":0,"27":0,"28":0,"29":0,"30":0,"31":0,"32":0},"b":{"0":[0,0],"1":[0,0],"2":[0,0],"3":[0],"4":[0],"5":[0,0]}}
,"/home/antoniovargas/projects/laboral/NodoIA/Proyectos/Transit-IA/CodigosFuentes/appv1/src/utils/constants.js": {"path":"/home/antoniovargas/projects/laboral/NodoIA/Proyectos/Transit-IA/CodigosFuentes/appv1/src/utils/constants.js","statementMap":{"0":{"start":{"line":126,"column":13},"end":{"line":126,"column":26}},"1":{"start":{"line":117,"column":13},"end":{"line":117,"column":42}},"2":{"start":{"line":136,"column":13},"end":{"line":136,"column":27}},"3":{"start":{"line":29,"column":13},"end":{"line":29,"column":29}},"4":{"start":{"line":21,"column":13},"end":{"line":21,"column":31}},"5":{"start":{"line":2,"column":13},"end":{"line":2,"column":20}},"6":{"start":{"line":120,"column":13},"end":{"line":120,"column":25}},"7":{"start":{"line":144,"column":13},"end":{"line":144,"column":29}},"8":{"start":{"line":2,"column":23},"end":{"line":18,"column":null}},"9":{"start":{"line":21,"column":34},"end":{"line":26,"column":null}},"10":{"start":{"line":29,"column":32},"end":{"line":114,"column":null}},"11":{"start":{"line":117,"column":45},"end":{"line":117,"column":null}},"12":{"start":{"line":120,"column":28},"end":{"line":123,"column":null}},"13":{"start":{"line":126,"column":29},"end":{"line":133,"column":null}},"14":{"start":{"line":136,"column":30},"end":{"line":141,"column":null}},"15":{"start":{"line":144,"column":32},"end":{"line":149,"column":null}}},"fnMap":{},"branchMap":{},"s":{"0":0,"1":0,"2":0,"3":0,"4":0,"5":0,"6":0,"7":0,"8":0,"9":0,"10":0,"11":0,"12":0,"13":0,"14":0,"15":0},"f":{},"b":{}}
}
